This is pdfTeX, Version 3.14159265-2.6-1.40.21 (TeX Live 2020/W32TeX) (preloaded format=pdflatex 2020.4.16)  19 APR 2020 22:05
entering extended mode
 restricted \write18 enabled.
 %&-line parsing enabled.
**Thesis.tex
(./Thesis.tex
LaTeX2e <2020-02-02> patch level 5
L3 programming layer <2020-04-06>
(c:/Users/Chris/AppData/Roaming/TinyTeX/texmf-dist/tex/latex/revtex/revtex4-1.c
ls
Document Class: revtex4-1 2010/07/25/20:33:00 4.1r (http://publish.aps.org/revt
ex4/ for documentation)
 Copyright (c) 2009 The American Physical Society.
 mailto:revtex@aps.org
 Licensed under the LPPL:
http://www.ctan.org/tex-archive/macros/latex/base/lppl.txt
 Arthur Ogawa <arthur_ogawa at sbcglobal dot net>
 Based on work by David Carlisle <david at dcarlisle.demon.co.uk>.
ltxutil[2010/07/25/20:33:00 4.1r utilities package (portions licensed from W. E
. Baxter web at superscript.com)]
LaTeX Info: Redefining \@centercr on input line 308.
Class revtex4-1 Info: Repairing broken LaTeX eqnarray on input line 358.
\eqncolsep=\skip47
Class revtex4-1 Info: Repairing hyperref-unfriendly LaTeX definition of \mpfoot
note on input line 433.
Class revtex4-1 Info: Repairing broken LateX \@sect on input line 755.
\intertabularlinepenalty=\count167
\@tbpen=\count168
\@arstrutbox@hline=\box45
Class revtex4-1 Info: Repairing broken LaTeX \@xbitor on input line 1786.
Class revtex4-1 Info: Making \typeout \long on input line 2046.
ltxfront[2010/07/25/20:33:00 4.1r frontmatter package (AO,DPC)]
\c@affil=\count169
\c@collab=\count170
\absbox=\box46
ltxgrid[2010/07/25/20:33:00 4.1r page grid package (portions licensed from W. E
. Baxter web at superscript.com)]
\c@linecount=\count171
\output@latex=\toks15
\box@size@1=\box47
\box@size@2=\box48
\@protection@box=\box49
\@topmark@saved=\toks16
\footins@saved=\box50
\footins@recovered=\box51
\column@recovered=\box52
\pagesofar=\box53
\footsofar=\box54
\pagegrid@col=\count172

Class revtex4-1 Warning: Failed to recognize \@vspace, \@vspacer, \@no@pgbk, \@
newline, and \\; no patches applied. Please get a more up-to-date class, .

\c@part=\count173
\c@section=\count174
\c@subsection=\count175
\c@subsubsection=\count176
\c@paragraph=\count177
\c@subparagraph=\count178
\abovecaptionskip=\skip48
\belowcaptionskip=\skip49
\c@figure=\count179
\fbox@1=\box55
\c@table=\count180
\fbox@2=\box56
\c@video=\count181
\fbox@4=\box57
\@bibdataout=\write3
\widetext@top=\box58
\widetext@bot=\box59

Class revtex4-1 Warning: No Society specified, using default society aps.

(c:/Users/Chris/AppData/Roaming/TinyTeX/texmf-dist/tex/latex/revtex/aps4-1.rtx
File: aps4-1 2010/07/25/20:33:00 4.1r (http://publish.aps.org/revtex4/ for docu
mentation)
Class revtex4-1 Info: RevTeX society APS selected on input line 31.
)
Class revtex4-1 Info: Selecting journal prb on input line 7544.
Class revtex4-1 Info: APS journal PRB selected on input line 7545.

(c:/Users/Chris/AppData/Roaming/TinyTeX/texmf-dist/tex/latex/revtex/aps10pt4-1.
rtx
File: aps10pt4-1 2010/07/25/20:33:00 4.1r (http://publish.aps.org/revtex4/ for 
documentation)
Class revtex4-1 Info: RevTeX pointsize 10pt selected on input line 30.
)
(c:/Users/Chris/AppData/Roaming/TinyTeX/texmf-dist/tex/latex/textcase/textcase.
sty
Package: textcase 2019/09/14 v1.00 Text only upper/lower case changing (DPC)
) (c:/Users/Chris/AppData/Roaming/TinyTeX/texmf-dist/tex/latex/url/url.sty
\Urlmuskip=\muskip16
Package: url 2013/09/16  ver 3.4  Verb mode for urls, etc.
)
(c:/Users/Chris/AppData/Roaming/TinyTeX/texmf-dist/tex/latex/natbib/natbib.sty
Package: natbib 2010/09/13 8.31b (PWD, AO)
\bibhang=\skip50
\bibsep=\skip51
LaTeX Info: Redefining \cite on input line 694.
\c@NAT@ctr=\count182
)
Class revtex4-1 Info: Repairing natbib's \BibitemShut on input line 7549.

(c:/Users/Chris/AppData/Roaming/TinyTeX/texmf-dist/tex/latex/revtex/revsymb4-1.
sty
Package: revsymb4-1 2010/07/25/20:33:00 4.1r (http://publish.aps.org/revtex4/ f
or documentation)
LaTeX Info: Redefining \REV@mathfrak on input line 119.
))
(c:/Users/Chris/AppData/Roaming/TinyTeX/texmf-dist/tex/latex/fancyhdr/fancyhdr.
sty
Package: fancyhdr 2019/01/31 v3.10 Extensive control of page headers and footer
s
\f@nch@headwidth=\skip52
\f@nch@O@elh=\skip53
\f@nch@O@erh=\skip54
\f@nch@O@olh=\skip55
\f@nch@O@orh=\skip56
\f@nch@O@elf=\skip57
\f@nch@O@erf=\skip58
\f@nch@O@olf=\skip59
\f@nch@O@orf=\skip60
)
(c:/Users/Chris/AppData/Roaming/TinyTeX/texmf-dist/tex/latex/amsmath/amsmath.st
y
Package: amsmath 2020/01/20 v2.17e AMS math features
\@mathmargin=\skip61

For additional information on amsmath, use the `?' option.

(c:/Users/Chris/AppData/Roaming/TinyTeX/texmf-dist/tex/latex/amsmath/amstext.st
y
Package: amstext 2000/06/29 v2.01 AMS text

(c:/Users/Chris/AppData/Roaming/TinyTeX/texmf-dist/tex/latex/amsmath/amsgen.sty
File: amsgen.sty 1999/11/30 v2.0 generic functions
\@emptytoks=\toks17
\ex@=\dimen134
)
LaTeX Info: Redefining \text on input line 28.
)
(c:/Users/Chris/AppData/Roaming/TinyTeX/texmf-dist/tex/latex/amsmath/amsbsy.sty
Package: amsbsy 1999/11/29 v1.2d Bold Symbols
\pmbraise@=\dimen135
)
(c:/Users/Chris/AppData/Roaming/TinyTeX/texmf-dist/tex/latex/amsmath/amsopn.sty
Package: amsopn 2016/03/08 v2.02 operator names
)
\inf@bad=\count183
LaTeX Info: Redefining \frac on input line 227.
\uproot@=\count184
\leftroot@=\count185
LaTeX Info: Redefining \overline on input line 389.
\classnum@=\count186
\DOTSCASE@=\count187
LaTeX Info: Redefining \ldots on input line 486.
LaTeX Info: Redefining \dots on input line 489.
LaTeX Info: Redefining \cdots on input line 610.
\Mathstrutbox@=\box60
\strutbox@=\box61
\big@size=\dimen136
LaTeX Font Info:    Redeclaring font encoding OML on input line 733.
LaTeX Font Info:    Redeclaring font encoding OMS on input line 734.
\macc@depth=\count188
\c@MaxMatrixCols=\count189
\dotsspace@=\muskip17
\c@parentequation=\count190
\dspbrk@lvl=\count191
\tag@help=\toks18
\row@=\count192
\column@=\count193
\maxfields@=\count194
\andhelp@=\toks19
\eqnshift@=\dimen137
\alignsep@=\dimen138
\tagshift@=\dimen139
\tagwidth@=\dimen140
\totwidth@=\dimen141
\lineht@=\dimen142
\@envbody=\toks20
\multlinegap=\skip62
\multlinetaggap=\skip63
\mathdisplay@stack=\toks21
LaTeX Info: Redefining \[ on input line 2859.
LaTeX Info: Redefining \] on input line 2860.
) (c:/Users/Chris/AppData/Roaming/TinyTeX/texmf-dist/tex/latex/tools/bm.sty
Package: bm 2019/07/24 v1.2d Bold Symbol Support (DPC/FMi)
\symboldoperators=\mathgroup4
\symboldletters=\mathgroup5
\symboldsymbols=\mathgroup6
LaTeX Font Info:    Redeclaring math alphabet \mathbf on input line 141.
LaTeX Info: Redefining \bm on input line 209.
)
(c:/Users/Chris/AppData/Roaming/TinyTeX/texmf-dist/tex/latex/graphics/graphicx.
sty
Package: graphicx 2019/11/30 v1.2a Enhanced LaTeX Graphics (DPC,SPQR)

(c:/Users/Chris/AppData/Roaming/TinyTeX/texmf-dist/tex/latex/graphics/keyval.st
y
Package: keyval 2014/10/28 v1.15 key=value parser (DPC)
\KV@toks@=\toks22
)
(c:/Users/Chris/AppData/Roaming/TinyTeX/texmf-dist/tex/latex/graphics/graphics.
sty
Package: graphics 2019/11/30 v1.4a Standard LaTeX Graphics (DPC,SPQR)

(c:/Users/Chris/AppData/Roaming/TinyTeX/texmf-dist/tex/latex/graphics/trig.sty
Package: trig 2016/01/03 v1.10 sin cos tan (DPC)
)
(c:/Users/Chris/AppData/Roaming/TinyTeX/texmf-dist/tex/latex/graphics-cfg/graph
ics.cfg
File: graphics.cfg 2016/06/04 v1.11 sample graphics configuration
)
Package graphics Info: Driver file: pdftex.def on input line 105.

(c:/Users/Chris/AppData/Roaming/TinyTeX/texmf-dist/tex/latex/graphics-def/pdfte
x.def
File: pdftex.def 2018/01/08 v1.0l Graphics/color driver for pdftex
))
\Gin@req@height=\dimen143
\Gin@req@width=\dimen144
)
(c:/Users/Chris/AppData/Roaming/TinyTeX/texmf-dist/tex/latex/subfigure/subfigur
e.sty
Package: subfigure 2002/03/15 v2.1.5 subfigure package
\subfigtopskip=\skip64
\subfigcapskip=\skip65
\subfigcaptopadj=\dimen145
\subfigbottomskip=\skip66
\subfigcapmargin=\dimen146
\subfiglabelskip=\skip67
\c@subfigure=\count195
\c@lofdepth=\count196
\c@subtable=\count197
\c@lotdepth=\count198

****************************************
* Local config file subfigure.cfg used *
****************************************

(c:/Users/Chris/AppData/Roaming/TinyTeX/texmf-dist/tex/latex/subfigure/subfigur
e.cfg)
\subfig@top=\skip68
\subfig@bottom=\skip69
)
(c:/Users/Chris/AppData/Roaming/TinyTeX/texmf-dist/tex/latex/tools/array.sty
Package: array 2019/08/31 v2.4l Tabular extension package (FMi)
\col@sep=\dimen147
\ar@mcellbox=\box62
\extrarowheight=\dimen148
\NC@list=\toks23
\extratabsurround=\skip70
\backup@length=\skip71
\ar@cellbox=\box63
)
(c:/Users/Chris/AppData/Roaming/TinyTeX/texmf-dist/tex/latex/hyperref/hyperref.
sty
Package: hyperref 2020/01/14 v7.00d Hypertext links for LaTeX

(c:/Users/Chris/AppData/Roaming/TinyTeX/texmf-dist/tex/generic/ltxcmds/ltxcmds.
sty
Package: ltxcmds 2019/12/15 v1.24 LaTeX kernel commands for general use (HO)
)
(c:/Users/Chris/AppData/Roaming/TinyTeX/texmf-dist/tex/generic/iftex/iftex.sty
Package: iftex 2020/03/06 v1.0d TeX engine tests
)
(c:/Users/Chris/AppData/Roaming/TinyTeX/texmf-dist/tex/latex/pdftexcmds/pdftexc
mds.sty
Package: pdftexcmds 2019/11/24 v0.31 Utility functions of pdfTeX for LuaTeX (HO
)

(c:/Users/Chris/AppData/Roaming/TinyTeX/texmf-dist/tex/generic/infwarerr/infwar
err.sty
Package: infwarerr 2019/12/03 v1.5 Providing info/warning/error messages (HO)
)
Package pdftexcmds Info: \pdf@primitive is available.
Package pdftexcmds Info: \pdf@ifprimitive is available.
Package pdftexcmds Info: \pdfdraftmode found.
)
(c:/Users/Chris/AppData/Roaming/TinyTeX/texmf-dist/tex/generic/kvsetkeys/kvsetk
eys.sty
Package: kvsetkeys 2019/12/15 v1.18 Key value parser (HO)
)
(c:/Users/Chris/AppData/Roaming/TinyTeX/texmf-dist/tex/generic/kvdefinekeys/kvd
efinekeys.sty
Package: kvdefinekeys 2019-12-19 v1.6 Define keys (HO)
)
(c:/Users/Chris/AppData/Roaming/TinyTeX/texmf-dist/tex/generic/pdfescape/pdfesc
ape.sty
Package: pdfescape 2019/12/09 v1.15 Implements pdfTeX's escape features (HO)
)
(c:/Users/Chris/AppData/Roaming/TinyTeX/texmf-dist/tex/latex/hycolor/hycolor.st
y
Package: hycolor 2020-01-27 v1.10 Color options for hyperref/bookmark (HO)
)
(c:/Users/Chris/AppData/Roaming/TinyTeX/texmf-dist/tex/latex/letltxmacro/letltx
macro.sty
Package: letltxmacro 2019/12/03 v1.6 Let assignment for LaTeX macros (HO)
)
(c:/Users/Chris/AppData/Roaming/TinyTeX/texmf-dist/tex/latex/auxhook/auxhook.st
y
Package: auxhook 2019-12-17 v1.6 Hooks for auxiliary files (HO)
)
(c:/Users/Chris/AppData/Roaming/TinyTeX/texmf-dist/tex/latex/kvoptions/kvoption
s.sty
Package: kvoptions 2019/11/29 v3.13 Key value format for package options (HO)
)
\@linkdim=\dimen149
\Hy@linkcounter=\count199
\Hy@pagecounter=\count266

(c:/Users/Chris/AppData/Roaming/TinyTeX/texmf-dist/tex/latex/hyperref/pd1enc.de
f
File: pd1enc.def 2020/01/14 v7.00d Hyperref: PDFDocEncoding definition (HO)
Now handling font encoding PD1 ...
... no UTF-8 mapping file for font encoding PD1
)
(c:/Users/Chris/AppData/Roaming/TinyTeX/texmf-dist/tex/generic/intcalc/intcalc.
sty
Package: intcalc 2019/12/15 v1.3 Expandable calculations with integers (HO)
)
(c:/Users/Chris/AppData/Roaming/TinyTeX/texmf-dist/tex/generic/etexcmds/etexcmd
s.sty
Package: etexcmds 2019/12/15 v1.7 Avoid name clashes with e-TeX commands (HO)
)
\Hy@SavedSpaceFactor=\count267
Package hyperref Info: Option `plainpages' set `false' on input line 4421.
Package hyperref Info: Option `bookmarksopen' set `true' on input line 4421.
Package hyperref Info: Option `bookmarksnumbered' set `true' on input line 4421
.
Package hyperref Info: Option `breaklinks' set `true' on input line 4421.
Package hyperref Info: Option `colorlinks' set `true' on input line 4421.
Package hyperref Info: Option `hyperindex' set `true' on input line 4421.
Package hyperref Info: Hyper figures OFF on input line 4547.
Package hyperref Info: Link nesting OFF on input line 4552.
Package hyperref Info: Hyper index ON on input line 4555.
Package hyperref Info: Plain pages OFF on input line 4562.
Package hyperref Info: Backreferencing OFF on input line 4567.
Package hyperref Info: Implicit mode ON; LaTeX internals redefined.
Package hyperref Info: Bookmarks ON on input line 4800.
LaTeX Info: Redefining \href on input line 5070.
\c@Hy@tempcnt=\count268
LaTeX Info: Redefining \url on input line 5159.
\XeTeXLinkMargin=\dimen150

(c:/Users/Chris/AppData/Roaming/TinyTeX/texmf-dist/tex/generic/bitset/bitset.st
y
Package: bitset 2019/12/09 v1.3 Handle bit-vector datatype (HO)

(c:/Users/Chris/AppData/Roaming/TinyTeX/texmf-dist/tex/generic/bigintcalc/bigin
tcalc.sty
Package: bigintcalc 2019/12/15 v1.5 Expandable calculations on big integers (HO
)
))
\Fld@menulength=\count269
\Field@Width=\dimen151
\Fld@charsize=\dimen152
Package hyperref Info: Hyper figures OFF on input line 6430.
Package hyperref Info: Link nesting OFF on input line 6435.
Package hyperref Info: Hyper index ON on input line 6438.
Package hyperref Info: backreferencing OFF on input line 6445.
Package hyperref Info: Link coloring ON on input line 6448.
Package hyperref Info: Link coloring with OCG OFF on input line 6455.
Package hyperref Info: PDF/A mode OFF on input line 6460.
LaTeX Info: Redefining \ref on input line 6500.
LaTeX Info: Redefining \pageref on input line 6504.

(c:/Users/Chris/AppData/Roaming/TinyTeX/texmf-dist/tex/generic/atbegshi/atbegsh
i.sty
Package: atbegshi 2019/12/05 v1.19 At begin shipout hook (HO)
)
\Hy@abspage=\count270
\c@Item=\count271
\c@Hfootnote=\count272
)
Package hyperref Info: Driver (autodetected): hpdftex.

(c:/Users/Chris/AppData/Roaming/TinyTeX/texmf-dist/tex/latex/hyperref/hpdftex.d
ef
File: hpdftex.def 2020/01/14 v7.00d Hyperref driver for pdfTeX

(c:/Users/Chris/AppData/Roaming/TinyTeX/texmf-dist/tex/latex/atveryend/atveryen
d.sty
Package: atveryend 2019-12-11 v1.11 Hooks at the very end of document (HO)
)
\Fld@listcount=\count273
\c@bookmark@seq@number=\count274

(c:/Users/Chris/AppData/Roaming/TinyTeX/texmf-dist/tex/latex/rerunfilecheck/rer
unfilecheck.sty
Package: rerunfilecheck 2019/12/05 v1.9 Rerun checks for auxiliary files (HO)

(c:/Users/Chris/AppData/Roaming/TinyTeX/texmf-dist/tex/generic/uniquecounter/un
iquecounter.sty
Package: uniquecounter 2019/12/15 v1.4 Provide unlimited unique counter (HO)
)
Package uniquecounter Info: New unique counter `rerunfilecheck' on input line 2
86.
)
\Hy@SectionHShift=\skip72
)
Class revtex4-1 Info: Unrecognized array package. Please update this document c
lass! (Proceeding with fingers crossed.) on input line 79.
Class revtex4-1 Info: cite was not loaded (OK!) on input line 79.
Class revtex4-1 Info: mcite was not loaded (OK!) on input line 79.
Class revtex4-1 Info: multicol was not loaded (OK!) on input line 79.

(c:/Users/Chris/AppData/Roaming/TinyTeX/texmf-dist/tex/latex/l3backend/l3backen
d-pdfmode.def
File: l3backend-pdfmode.def 2020-03-12 L3 backend support: PDF mode
\l__kernel_color_stack_int=\count275
\l__pdf_internal_box=\box64
) (./Thesis.aux (./gumf/gumf.aux) (./introduction/introduction.aux) (./lc/lc.au
x) (./theory/theory.aux))
\openout1 = `Thesis.aux'.

LaTeX Font Info:    Checking defaults for OML/cmm/m/it on input line 79.
LaTeX Font Info:    ... okay on input line 79.
LaTeX Font Info:    Checking defaults for OMS/cmsy/m/n on input line 79.
LaTeX Font Info:    ... okay on input line 79.
LaTeX Font Info:    Checking defaults for OT1/cmr/m/n on input line 79.
LaTeX Font Info:    ... okay on input line 79.
LaTeX Font Info:    Checking defaults for T1/cmr/m/n on input line 79.
LaTeX Font Info:    ... okay on input line 79.
LaTeX Font Info:    Checking defaults for TS1/cmr/m/n on input line 79.
LaTeX Font Info:    ... okay on input line 79.
LaTeX Font Info:    Checking defaults for OMX/cmex/m/n on input line 79.
LaTeX Font Info:    ... okay on input line 79.
LaTeX Font Info:    Checking defaults for U/cmr/m/n on input line 79.
LaTeX Font Info:    ... okay on input line 79.
LaTeX Font Info:    Checking defaults for PD1/pdf/m/n on input line 79.
LaTeX Font Info:    ... okay on input line 79.

(c:/Users/Chris/AppData/Roaming/TinyTeX/texmf-dist/tex/latex/epstopdf-pkg/epsto
pdf-base.sty
Package: epstopdf-base 2020-01-24 v2.11 Base part for package epstopdf
Package epstopdf-base Info: Redefining graphics rule for `.eps' on input line 4
85.

(c:/Users/Chris/AppData/Roaming/TinyTeX/texmf-dist/tex/latex/latexconfig/epstop
df-sys.cfg
File: epstopdf-sys.cfg 2010/07/13 v1.3 Configuration of (r)epstopdf for TeX Liv
e
))
\AtBeginShipoutBox=\box65

(c:/Users/Chris/AppData/Roaming/TinyTeX/texmf-dist/tex/latex/graphics/color.sty
Package: color 2019/11/23 v1.2a Standard LaTeX Color (DPC)

(c:/Users/Chris/AppData/Roaming/TinyTeX/texmf-dist/tex/latex/graphics-cfg/color
.cfg
File: color.cfg 2016/01/02 v1.6 sample color configuration
)
Package color Info: Driver file: pdftex.def on input line 147.
)
Package hyperref Info: Link coloring ON on input line 79.

(c:/Users/Chris/AppData/Roaming/TinyTeX/texmf-dist/tex/latex/hyperref/nameref.s
ty
Package: nameref 2019/09/16 v2.46 Cross-referencing by name of section

(c:/Users/Chris/AppData/Roaming/TinyTeX/texmf-dist/tex/latex/refcount/refcount.
sty
Package: refcount 2019/12/15 v3.6 Data extraction from label references (HO)
)
(c:/Users/Chris/AppData/Roaming/TinyTeX/texmf-dist/tex/generic/gettitlestring/g
ettitlestring.sty
Package: gettitlestring 2019/12/15 v1.6 Cleanup title references (HO)
)
\c@section@level=\count276
)
LaTeX Info: Redefining \ref on input line 79.
LaTeX Info: Redefining \pageref on input line 79.
LaTeX Info: Redefining \nameref on input line 79.
 (./Thesis.out) (./Thesis.out)
\@outlinefile=\write4
\openout4 = `Thesis.out'.

Class revtex4-1 Info: Taking \maketitle back from hyperref on input line 79.
\openout3 = `ThesisNotes.bib'.

\openout2 = `gumf/gumf.aux'.

 (./gumf/gumf.tex
(./Thesis.toc [1{c:/Users/Chris/AppData/Roaming/TinyTeX/texmf-var/fonts/map/pdf
tex/updmap/pdftex.map}])
\tf@toc=\write5
\openout5 = `Thesis.toc'.

 [2]) [3]
\openout2 = `introduction/introduction.aux'.

 (./introduction/introduction.tex
<figures/introduction/publications.pdf, id=248, 718.685pt x 467.7475pt>
File: figures/introduction/publications.pdf Graphic file (type pdf)
<use figures/introduction/publications.pdf>
Package pdftex.def Info: figures/introduction/publications.pdf  used on input l
ine 9.
(pdftex.def)             Requested size: 244.79782pt x 159.32466pt.
 [1 <./figures/introduction/publications.pdf>]
Underfull \hbox (badness 1466) in paragraph at lines 31--32
[]\OT1/cmr/m/n/10 Chapter 6, ti-tled \OT1/cmr/m/it/10 `Pro-duc-ing in-ter-me-di
-ate sur-face
 []

) [2]
\openout2 = `lc/lc.aux'.

 (./lc/lc.tex
<figures/introduction/5CB_molecule.pdf, id=319, 1089.15672pt x 202.74571pt>
File: figures/introduction/5CB_molecule.pdf Graphic file (type pdf)
<use figures/introduction/5CB_molecule.pdf>
Package pdftex.def Info: figures/introduction/5CB_molecule.pdf  used on input l
ine 26.
(pdftex.def)             Requested size: 203.99689pt x 37.9714pt.
<figures/introduction/isotropic_phase.pdf, id=323, 803.62122pt x 802.42645pt>
File: figures/introduction/isotropic_phase.pdf Graphic file (type pdf)
<use figures/introduction/isotropic_phase.pdf>
Package pdftex.def Info: figures/introduction/isotropic_phase.pdf  used on inpu
t line 43.
(pdftex.def)             Requested size: 101.99844pt x 101.8458pt.
<figures/introduction/nematic_phase.pdf, id=324, 802.42645pt x 802.42645pt>
File: figures/introduction/nematic_phase.pdf Graphic file (type pdf)
<use figures/introduction/nematic_phase.pdf>
Package pdftex.def Info: figures/introduction/nematic_phase.pdf  used on input 
line 44.
(pdftex.def)             Requested size: 101.99844pt x 101.99274pt.
<figures/introduction/smectic_phase.pdf, id=325, 802.42645pt x 802.42645pt>
File: figures/introduction/smectic_phase.pdf Graphic file (type pdf)
<use figures/introduction/smectic_phase.pdf>
Package pdftex.def Info: figures/introduction/smectic_phase.pdf  used on input 
line 45.
(pdftex.def)             Requested size: 101.99844pt x 101.99274pt.
<figures/introduction/crystal_phase.pdf, id=326, 802.42645pt x 802.42645pt>
File: figures/introduction/crystal_phase.pdf Graphic file (type pdf)
<use figures/introduction/crystal_phase.pdf>
Package pdftex.def Info: figures/introduction/crystal_phase.pdf  used on input 
line 46.
(pdftex.def)             Requested size: 101.99844pt x 101.99274pt.
<figures/introduction/flow_chart.pdf, id=328, 928.11183pt x 852.14406pt>
File: figures/introduction/flow_chart.pdf Graphic file (type pdf)
<use figures/introduction/flow_chart.pdf>
Package pdftex.def Info: figures/introduction/flow_chart.pdf  used on input lin
e 55.
(pdftex.def)             Requested size: 203.99689pt x 187.29024pt.
 [3 <./figures/introduction/5CB_molecule.pdf>]

LaTeX Warning: A float is stuck (cannot be placed); try class option [floatfix]
 on input line 72.

[4 <./figures/introduction/isotropic_phase.pdf> <./figures/introduction/nematic
_phase.pdf

pdfTeX warning: pdflatex.exe (file ./figures/introduction/nematic_phase.pdf): P
DF inclusion: multiple pdfs with page group included in a single page
> <./figures/introduction/smectic_phase.pdf

pdfTeX warning: pdflatex.exe (file ./figures/introduction/smectic_phase.pdf): P
DF inclusion: multiple pdfs with page group included in a single page
> <./figures/introduction/crystal_phase.pdf

pdfTeX warning: pdflatex.exe (file ./figures/introduction/crystal_phase.pdf): P
DF inclusion: multiple pdfs with page group included in a single page
> <./figures/introduction/flow_chart.pdf

pdfTeX warning: pdflatex.exe (file ./figures/introduction/flow_chart.pdf): PDF 
inclusion: multiple pdfs with page group included in a single page
>]
Overfull \hbox (2.55707pt too wide) detected at line 112
[]\OML/cmm/m/it/10 w[] \OT1/cmr/m/n/10 = []\OML/cmm/m/it/10 k[] [][] \OT1/cmr/m
/n/10 + []\OML/cmm/m/it/10 k[] [][] \OT1/cmr/m/n/10 + []\OML/cmm/m/it/10 k[] []
[]
 []

<figures/introduction/splay.pdf, id=411, 805.47789pt x 802.42284pt>
File: figures/introduction/splay.pdf Graphic file (type pdf)
<use figures/introduction/splay.pdf>
Package pdftex.def Info: figures/introduction/splay.pdf  used on input line 118
.
(pdftex.def)             Requested size: 101.99844pt x 101.60046pt.
<figures/introduction/twist.pdf, id=412, 802.42284pt x 802.44795pt>
File: figures/introduction/twist.pdf Graphic file (type pdf)
<use figures/introduction/twist.pdf>
Package pdftex.def Info: figures/introduction/twist.pdf  used on input line 119
.
(pdftex.def)             Requested size: 101.99844pt x 101.99547pt.
<figures/introduction/bend.pdf, id=413, 802.42645pt x 805.71173pt>
File: figures/introduction/bend.pdf Graphic file (type pdf)
<use figures/introduction/bend.pdf>
Package pdftex.def Info: figures/introduction/bend.pdf  used on input line 120.

(pdftex.def)             Requested size: 101.99844pt x 102.41031pt.
<figures/introduction/planar.pdf, id=414, 687.72491pt x 267.84206pt>
File: figures/introduction/planar.pdf Graphic file (type pdf)
<use figures/introduction/planar.pdf>
Package pdftex.def Info: figures/introduction/planar.pdf  used on input line 13
8.
(pdftex.def)             Requested size: 101.99844pt x 39.72092pt.
<figures/introduction/vertical.pdf, id=415, 687.72491pt x 267.84206pt>
File: figures/introduction/vertical.pdf Graphic file (type pdf)
<use figures/introduction/vertical.pdf>
Package pdftex.def Info: figures/introduction/vertical.pdf  used on input line 
139.
(pdftex.def)             Requested size: 101.99844pt x 39.72092pt.
<figures/introduction/tilted.pdf, id=416, 687.72491pt x 267.84206pt>
File: figures/introduction/tilted.pdf Graphic file (type pdf)
<use figures/introduction/tilted.pdf>
Package pdftex.def Info: figures/introduction/tilted.pdf  used on input line 14
0.
(pdftex.def)             Requested size: 101.99844pt x 39.72092pt.

LaTeX Warning: Reference `fig:alignment' on page 5 undefined on input line 145.



LaTeX Warning: Reference `cha:pretilt' on page 5 undefined on input line 145.

[5 <./figures/introduction/splay.pdf> <./figures/introduction/twist.pdf

pdfTeX warning: pdflatex.exe (file ./figures/introduction/twist.pdf): PDF inclu
sion: multiple pdfs with page group included in a single page
> <./figures/introduction/bend.pdf

pdfTeX warning: pdflatex.exe (file ./figures/introduction/bend.pdf): PDF inclus
ion: multiple pdfs with page group included in a single page
>]

LaTeX Warning: A float is stuck (cannot be placed); try class option [floatfix]
 on input line 146.


LaTeX Warning: Reference `fig:eta' on page 6 undefined on input line 149.

<figures/introduction/eta1.pdf, id=438, 525.32864pt x 658.45584pt>
File: figures/introduction/eta1.pdf Graphic file (type pdf)
<use figures/introduction/eta1.pdf>
Package pdftex.def Info: figures/introduction/eta1.pdf  used on input line 153.

(pdftex.def)             Requested size: 76.49689pt x 95.88055pt.
<figures/introduction/eta2.pdf, id=439, 525.32864pt x 658.45584pt>
File: figures/introduction/eta2.pdf Graphic file (type pdf)
<use figures/introduction/eta2.pdf>
Package pdftex.def Info: figures/introduction/eta2.pdf  used on input line 154.

(pdftex.def)             Requested size: 76.49689pt x 95.88055pt.
<figures/introduction/eta3.pdf, id=440, 525.32864pt x 658.45584pt>
File: figures/introduction/eta3.pdf Graphic file (type pdf)
<use figures/introduction/eta3.pdf>
Package pdftex.def Info: figures/introduction/eta3.pdf  used on input line 155.

(pdftex.def)             Requested size: 76.49689pt x 95.88055pt.

LaTeX Warning: Reference `fig:eta' on page 6 undefined on input line 160.


LaTeX Warning: Reference `fig:eta' on page 6 undefined on input line 171.

) [6
\@writefile{lof}{\contentsline {figure}{\numberline {6}{\ignorespaces Schematic
 depiction of planar, vertical and tilted alignment}}{6}{figure.6}\protected@fi
le@percent }
\newlabel{fig:alignment}{{6}{6}{Schematic depiction of planar, vertical and til
ted alignment}{figure.6}{}}
\@writefile{lof}{\contentsline {subfigure}{\numberline{(a)}{\ignorespaces {Plan
ar}}}{6}{figure.6}\protected@file@percent }
\@writefile{lof}{\contentsline {subfigure}{\numberline{(b)}{\ignorespaces {Vert
ical}}}{6}{figure.6}\protected@file@percent }
\@writefile{lof}{\contentsline {subfigure}{\numberline{(c)}{\ignorespaces {Tilt
ed}}}{6}{figure.6}\protected@file@percent }
\@writefile{lof}{\contentsline {figure}{\numberline {7}{\ignorespaces Schematic
 depiction of the Miesowicz viscosities, $\eta _1,\eta _2,\eta _3$}}{6}{figure.
7}\protected@file@percent }
\newlabel{fig:eta}{{7}{6}{Schematic depiction of the Miesowicz viscosities, $\e
ta _1,\eta _2,\eta _3$}{figure.7}{}}
\@writefile{lof}{\contentsline {subfigure}{\numberline{(a)}{\ignorespaces {$\et
a _1$}}}{6}{figure.7}\protected@file@percent }
\@writefile{lof}{\contentsline {subfigure}{\numberline{(b)}{\ignorespaces {$\et
a _2$}}}{6}{figure.7}\protected@file@percent }
\@writefile{lof}{\contentsline {subfigure}{\numberline{(c)}{\ignorespaces {$\et
a _3$}}}{6}{figure.7}\protected@file@percent }
\@writefile{toc}{\contentsline {subsection}{\numberline {H}Nematic viscosities}
{6}{section*.15}\protected@file@percent }
 <./figures/introduction/planar.pdf> <./figures/introduction/vertical.pdf

pdfTeX warning: pdflatex.exe (file ./figures/introduction/vertical.pdf): PDF in
clusion: multiple pdfs with page group included in a single page
> <./figures/introduction/tilted.pdf

pdfTeX warning: pdflatex.exe (file ./figures/introduction/tilted.pdf): PDF incl
usion: multiple pdfs with page group included in a single page
> <./figures/introduction/eta1.pdf

pdfTeX warning: pdflatex.exe (file ./figures/introduction/eta1.pdf): PDF inclus
ion: multiple pdfs with page group included in a single page
> <./figures/introduction/eta2.pdf

pdfTeX warning: pdflatex.exe (file ./figures/introduction/eta2.pdf): PDF inclus
ion: multiple pdfs with page group included in a single page
> <./figures/introduction/eta3.pdf

pdfTeX warning: pdflatex.exe (file ./figures/introduction/eta3.pdf): PDF inclus
ion: multiple pdfs with page group included in a single page
>]
\openout2 = `theory/theory.aux'.

 (./theory/theory.tex
Underfull \hbox (badness 5592) in paragraph at lines 22--23
[]\OT1/cmr/m/n/10 Constitutive equa-tions, or con-sti-tu-tive re-la-tions
 []


Overfull \hbox (120.6255pt too wide) detected at line 35
[] [][]  \OML/cmm/m/it/10 ^^Z []  dV \OT1/cmr/m/n/10 + [][]  []  \OML/cmm/m/it/
10 dS \OT1/cmr/m/n/10 = [] [][]  []  \OML/cmm/m/it/10 dV \OT1/cmr/m/n/10 + [][]
  \OMS/cmsy/m/n/10 D \OML/cmm/m/it/10 dV
 []

[7]

LaTeX Warning: Reference `fig:eta' on page 8 undefined on input line 70.

[8]
<Figures/Theory/coords.pdf, id=519, 225.0012pt x 196.7459pt>
File: Figures/Theory/coords.pdf Graphic file (type pdf)
<use Figures/Theory/coords.pdf>
Package pdftex.def Info: Figures/Theory/coords.pdf  used on input line 120.
(pdftex.def)             Requested size: 203.99689pt x 178.37857pt.
<Figures/Theory/river.png, id=521, 412.6617pt x 306.78615pt>
File: Figures/Theory/river.png Graphic file (type png)
<use Figures/Theory/river.png>
Package pdftex.def Info: Figures/Theory/river.png  used on input line 131.
(pdftex.def)             Requested size: 203.99689pt x 151.65598pt.

Underfull \hbox (badness 1406) in paragraph at lines 133--133
\OT1/cmr/m/n/9 This pho-to-graph il-lus-trates how the idea of logs in a
 []


Underfull \hbox (badness 1033) in paragraph at lines 133--133
\OT1/cmr/m/n/9 river can greatly aid the vi-su-al-i-sa-tion of ne-matic flow-
 []


Overfull \hbox (11.24236pt too wide) in paragraph at lines 133--133
[][]\OT1/cmr/m/n/9 http://en.wikipedia.org/wiki/File:Log[]driving[]in[]Vancouve
r.jpg[][] 
 []


LaTeX Warning: Reference `fig:eta' on page 9 undefined on input line 136.

[9 <./figures/Theory/coords.pdf> <./figures/Theory/river.png>]
<Figures/Theory/ss_1.pdf, id=552, 258.61913pt x 331.19044pt>
File: Figures/Theory/ss_1.pdf Graphic file (type pdf)
<use Figures/Theory/ss_1.pdf>
Package pdftex.def Info: Figures/Theory/ss_1.pdf  used on input line 183.
(pdftex.def)             Requested size: 153.00156pt x 195.94139pt.
<Figures/Theory/ss_2.pdf, id=553, 265.36641pt x 331.19223pt>
File: Figures/Theory/ss_2.pdf Graphic file (type pdf)
<use Figures/Theory/ss_2.pdf>
Package pdftex.def Info: Figures/Theory/ss_2.pdf  used on input line 184.
(pdftex.def)             Requested size: 153.00156pt x 190.95456pt.

Overfull \hbox (5.63367pt too wide) detected at line 204
[][] \OML/cmm/m/it/10 [] < [] < \OT1/cmr/m/n/10 0 [] 0[] \OML/cmm/m/it/10 < ^
^R[] < \OT1/cmr/m/n/10 45[]\OML/cmm/m/it/10 ;  ^^^ \OT1/cmr/m/n/10 = 0[]
 []


Overfull \hbox (11.67714pt too wide) detected at line 208
[][] \OML/cmm/m/it/10 [] > [] > \OT1/cmr/m/n/10 0 [] 45[] \OML/cmm/m/it/10 < 
^^R[] < \OT1/cmr/m/n/10 90[]\OML/cmm/m/it/10 ;  ^^^ \OT1/cmr/m/n/10 = 0[]
 []

[10]

LaTeX Warning: A float is stuck (cannot be placed); try class option [floatfix]
 on input line 211.


Overfull \hbox (32.85959pt too wide) in paragraph at lines 216--226
 []$[]$ 
 []

[11 <./figures/Theory/ss_1.pdf> <./figures/Theory/ss_2.pdf

pdfTeX warning: pdflatex.exe (file ./figures/Theory/ss_2.pdf): PDF inclusion: m
ultiple pdfs with page group included in a single page
>]
Overfull \hbox (73.91469pt too wide) detected at line 284
[]\OML/cmm/m/it/10 ^^M[] [][] ^^R[] \OT1/cmr/m/n/10 = \OML/cmm/m/it/10 g [] [] 
\OT1/cmr/m/n/10 + \OML/cmm/m/it/10 g[] [] [][] \OMS/cmsy/m/n/10 ^^@ []\OML/cmm/
m/it/10 [] [] \OT1/cmr/m/n/10 2\OML/cmm/m/it/10 ^^R []
 []


Underfull \hbox (badness 2913) in paragraph at lines 286--287
\OT1/cmr/m/n/10 tion [][]33[][] must be pro-vided, giv-ing $\OML/cmm/m/it/10 ^^
^ []$\OT1/cmr/m/n/10 ,
 []

[12]

LaTeX Warning: Reference `cha:45' on page 13 undefined on input line 294.


Overfull \hbox (7.2847pt too wide) in alignment at lines 301--307
 [][][] []
 []


Overfull \hbox (169.87453pt too wide) detected at line 325
[]\OML/cmm/m/it/10 G[] \OT1/cmr/m/n/10 = [] []
 []


Overfull \hbox (168.53545pt too wide) detected at line 333
[]\OML/cmm/m/it/10 G[] \OT1/cmr/m/n/10 = [] []
 []

[13]
Underfull \hbox (badness 1102) in paragraph at lines 346--347
\OT1/cmr/m/n/10 Es-sen-tially, as is well ex-plained by Van Horn and
 []

<Figures/conoscopy/1.pdf, id=718, 1339.55142pt x 708.03694pt>
File: Figures/conoscopy/1.pdf Graphic file (type pdf)
<use Figures/conoscopy/1.pdf>
Package pdftex.def Info: Figures/conoscopy/1.pdf  used on input line 352.
(pdftex.def)             Requested size: 153.00156pt x 80.86613pt.
<Figures/conoscopy/2.pdf, id=719, 1292.02695pt x 708.24597pt>
File: Figures/conoscopy/2.pdf Graphic file (type pdf)
<use Figures/conoscopy/2.pdf>
Package pdftex.def Info: Figures/conoscopy/2.pdf  used on input line 353.
(pdftex.def)             Requested size: 153.00156pt x 83.86192pt.
<Figures/conoscopy/3.pdf, id=720, 1300.86pt x 708.24597pt>
File: Figures/conoscopy/3.pdf Graphic file (type pdf)
<use Figures/conoscopy/3.pdf>
Package pdftex.def Info: Figures/conoscopy/3.pdf  used on input line 354.
(pdftex.def)             Requested size: 153.00156pt x 83.29996pt.
[14 <./figures/conoscopy/1.pdf> <./figures/conoscopy/2.pdf

pdfTeX warning: pdflatex.exe (file ./figures/conoscopy/2.pdf): PDF inclusion: m
ultiple pdfs with page group included in a single page
> <./figures/conoscopy/3.pdf

pdfTeX warning: pdflatex.exe (file ./figures/conoscopy/3.pdf): PDF inclusion: m
ultiple pdfs with page group included in a single page
>]
Overfull \hbox (46.67609pt too wide) detected at line 374
[]\OML/cmm/m/it/10 I [] \OT1/cmr/m/n/10 = [][]
 []


LaTeX Warning: Reference `fig:figures' on page 15 undefined on input line 378.

<Figures/conoscopy/table/90_90.jpeg, id=786, 584.1825pt x 583.17876pt>
File: Figures/conoscopy/table/90_90.jpeg Graphic file (type jpg)
<use Figures/conoscopy/table/90_90.jpeg>
Package pdftex.def Info: Figures/conoscopy/table/90_90.jpeg  used on input line
 386.
(pdftex.def)             Requested size: 11.68611pt x 11.66603pt.

Overfull \hbox (144.49458pt too wide) in paragraph at lines 386--386
 []|[]| 
 []

<Figures/conoscopy/table/90_85.jpeg, id=787, 584.1825pt x 583.17876pt>
File: Figures/conoscopy/table/90_85.jpeg Graphic file (type jpg)
<use Figures/conoscopy/table/90_85.jpeg>
Package pdftex.def Info: Figures/conoscopy/table/90_85.jpeg  used on input line
 386.
(pdftex.def)             Requested size: 11.68611pt x 11.66603pt.

Overfull \hbox (144.49458pt too wide) in paragraph at lines 386--386
 []|[]| 
 []

<Figures/conoscopy/table/90_45.jpeg, id=788, 584.1825pt x 583.17876pt>
File: Figures/conoscopy/table/90_45.jpeg Graphic file (type jpg)
<use Figures/conoscopy/table/90_45.jpeg>
Package pdftex.def Info: Figures/conoscopy/table/90_45.jpeg  used on input line
 386.
(pdftex.def)             Requested size: 11.68611pt x 11.66603pt.

Overfull \hbox (144.49458pt too wide) in paragraph at lines 386--386
 []|[]| 
 []

<Figures/conoscopy/table/90_05.jpeg, id=789, 584.1825pt x 583.17876pt>
File: Figures/conoscopy/table/90_05.jpeg Graphic file (type jpg)
<use Figures/conoscopy/table/90_05.jpeg>
Package pdftex.def Info: Figures/conoscopy/table/90_05.jpeg  used on input line
 386.
(pdftex.def)             Requested size: 11.68611pt x 11.66603pt.

Overfull \hbox (144.49458pt too wide) in paragraph at lines 386--386
 []|[]| 
 []

<Figures/conoscopy/table/90_00.jpeg, id=790, 584.1825pt x 583.17876pt>
File: Figures/conoscopy/table/90_00.jpeg Graphic file (type jpg)
<use Figures/conoscopy/table/90_00.jpeg>
Package pdftex.def Info: Figures/conoscopy/table/90_00.jpeg  used on input line
 386.
(pdftex.def)             Requested size: 11.68611pt x 11.66603pt.

Overfull \hbox (144.49458pt too wide) in paragraph at lines 386--387
 []|[]| 
 []

<Figures/conoscopy/table/60_90.jpeg, id=791, 584.1825pt x 583.17876pt>
File: Figures/conoscopy/table/60_90.jpeg Graphic file (type jpg)
<use Figures/conoscopy/table/60_90.jpeg>
Package pdftex.def Info: Figures/conoscopy/table/60_90.jpeg  used on input line
 388.
(pdftex.def)             Requested size: 11.68611pt x 11.66603pt.

Overfull \hbox (144.49458pt too wide) in paragraph at lines 388--388
 []|[]| 
 []

<Figures/conoscopy/table/60_85.jpeg, id=792, 584.1825pt x 583.17876pt>
File: Figures/conoscopy/table/60_85.jpeg Graphic file (type jpg)
<use Figures/conoscopy/table/60_85.jpeg>
Package pdftex.def Info: Figures/conoscopy/table/60_85.jpeg  used on input line
 388.
(pdftex.def)             Requested size: 11.68611pt x 11.66603pt.

Overfull \hbox (144.49458pt too wide) in paragraph at lines 388--388
 []|[]| 
 []

<Figures/conoscopy/table/60_45.jpeg, id=793, 584.1825pt x 583.17876pt>
File: Figures/conoscopy/table/60_45.jpeg Graphic file (type jpg)
<use Figures/conoscopy/table/60_45.jpeg>
Package pdftex.def Info: Figures/conoscopy/table/60_45.jpeg  used on input line
 388.
(pdftex.def)             Requested size: 11.68611pt x 11.66603pt.

Overfull \hbox (144.49458pt too wide) in paragraph at lines 388--388
 []|[]| 
 []

<Figures/conoscopy/table/60_05.jpeg, id=794, 584.1825pt x 583.17876pt>
File: Figures/conoscopy/table/60_05.jpeg Graphic file (type jpg)
<use Figures/conoscopy/table/60_05.jpeg>
Package pdftex.def Info: Figures/conoscopy/table/60_05.jpeg  used on input line
 388.
(pdftex.def)             Requested size: 11.68611pt x 11.66603pt.

Overfull \hbox (144.49458pt too wide) in paragraph at lines 388--388
 []|[]| 
 []

<Figures/conoscopy/table/60_00.jpeg, id=795, 584.1825pt x 583.17876pt>
File: Figures/conoscopy/table/60_00.jpeg Graphic file (type jpg)
<use Figures/conoscopy/table/60_00.jpeg>
Package pdftex.def Info: Figures/conoscopy/table/60_00.jpeg  used on input line
 388.
(pdftex.def)             Requested size: 11.68611pt x 11.66603pt.

Overfull \hbox (144.49458pt too wide) in paragraph at lines 388--389
 []|[]| 
 []

<Figures/conoscopy/table/45_90.jpeg, id=796, 584.1825pt x 583.17876pt>
File: Figures/conoscopy/table/45_90.jpeg Graphic file (type jpg)
<use Figures/conoscopy/table/45_90.jpeg>
Package pdftex.def Info: Figures/conoscopy/table/45_90.jpeg  used on input line
 390.
(pdftex.def)             Requested size: 11.68611pt x 11.66603pt.

Overfull \hbox (144.49458pt too wide) in paragraph at lines 390--390
 []|[]| 
 []

<Figures/conoscopy/table/45_85.jpeg, id=797, 584.1825pt x 583.17876pt>
File: Figures/conoscopy/table/45_85.jpeg Graphic file (type jpg)
<use Figures/conoscopy/table/45_85.jpeg>
Package pdftex.def Info: Figures/conoscopy/table/45_85.jpeg  used on input line
 390.
(pdftex.def)             Requested size: 11.68611pt x 11.66603pt.

Overfull \hbox (144.49458pt too wide) in paragraph at lines 390--390
 []|[]| 
 []

<Figures/conoscopy/table/45_45.jpeg, id=798, 584.1825pt x 583.17876pt>
File: Figures/conoscopy/table/45_45.jpeg Graphic file (type jpg)
<use Figures/conoscopy/table/45_45.jpeg>
Package pdftex.def Info: Figures/conoscopy/table/45_45.jpeg  used on input line
 390.
(pdftex.def)             Requested size: 11.68611pt x 11.66603pt.

Overfull \hbox (144.49458pt too wide) in paragraph at lines 390--390
 []|[]| 
 []

<Figures/conoscopy/table/45_05.jpeg, id=799, 584.1825pt x 583.17876pt>
File: Figures/conoscopy/table/45_05.jpeg Graphic file (type jpg)
<use Figures/conoscopy/table/45_05.jpeg>
Package pdftex.def Info: Figures/conoscopy/table/45_05.jpeg  used on input line
 390.
(pdftex.def)             Requested size: 11.68611pt x 11.66603pt.

Overfull \hbox (144.49458pt too wide) in paragraph at lines 390--390
 []|[]| 
 []

<Figures/conoscopy/table/45_00.jpeg, id=800, 584.1825pt x 583.17876pt>
File: Figures/conoscopy/table/45_00.jpeg Graphic file (type jpg)
<use Figures/conoscopy/table/45_00.jpeg>
Package pdftex.def Info: Figures/conoscopy/table/45_00.jpeg  used on input line
 390.
(pdftex.def)             Requested size: 11.68611pt x 11.66603pt.

Overfull \hbox (144.49458pt too wide) in paragraph at lines 390--391
 []|[]| 
 []

<Figures/conoscopy/table/30_90.jpeg, id=801, 584.1825pt x 583.17876pt>
File: Figures/conoscopy/table/30_90.jpeg Graphic file (type jpg)
<use Figures/conoscopy/table/30_90.jpeg>
Package pdftex.def Info: Figures/conoscopy/table/30_90.jpeg  used on input line
 392.
(pdftex.def)             Requested size: 11.68611pt x 11.66603pt.

Overfull \hbox (144.49458pt too wide) in paragraph at lines 392--392
 []|[]| 
 []

<Figures/conoscopy/table/30_85.jpeg, id=802, 584.1825pt x 583.17876pt>
File: Figures/conoscopy/table/30_85.jpeg Graphic file (type jpg)
<use Figures/conoscopy/table/30_85.jpeg>
Package pdftex.def Info: Figures/conoscopy/table/30_85.jpeg  used on input line
 392.
(pdftex.def)             Requested size: 11.68611pt x 11.66603pt.

Overfull \hbox (144.49458pt too wide) in paragraph at lines 392--392
 []|[]| 
 []

<Figures/conoscopy/table/30_45.jpeg, id=803, 584.1825pt x 583.17876pt>
File: Figures/conoscopy/table/30_45.jpeg Graphic file (type jpg)
<use Figures/conoscopy/table/30_45.jpeg>
Package pdftex.def Info: Figures/conoscopy/table/30_45.jpeg  used on input line
 392.
(pdftex.def)             Requested size: 11.68611pt x 11.66603pt.

Overfull \hbox (144.49458pt too wide) in paragraph at lines 392--392
 []|[]| 
 []

<Figures/conoscopy/table/30_05.jpeg, id=804, 584.1825pt x 583.17876pt>
File: Figures/conoscopy/table/30_05.jpeg Graphic file (type jpg)
<use Figures/conoscopy/table/30_05.jpeg>
Package pdftex.def Info: Figures/conoscopy/table/30_05.jpeg  used on input line
 392.
(pdftex.def)             Requested size: 11.68611pt x 11.66603pt.

Overfull \hbox (144.49458pt too wide) in paragraph at lines 392--392
 []|[]| 
 []

<Figures/conoscopy/table/30_00.jpeg, id=805, 584.1825pt x 583.17876pt>
File: Figures/conoscopy/table/30_00.jpeg Graphic file (type jpg)
<use Figures/conoscopy/table/30_00.jpeg>
Package pdftex.def Info: Figures/conoscopy/table/30_00.jpeg  used on input line
 392.
(pdftex.def)             Requested size: 11.68611pt x 11.66603pt.

Overfull \hbox (144.49458pt too wide) in paragraph at lines 392--393
 []|[]| 
 []

<Figures/conoscopy/table/00_90.jpeg, id=806, 584.1825pt x 583.17876pt>
File: Figures/conoscopy/table/00_90.jpeg Graphic file (type jpg)
<use Figures/conoscopy/table/00_90.jpeg>
Package pdftex.def Info: Figures/conoscopy/table/00_90.jpeg  used on input line
 394.
(pdftex.def)             Requested size: 11.68611pt x 11.66603pt.

Overfull \hbox (144.49458pt too wide) in paragraph at lines 394--394
 []|[]| 
 []

<Figures/conoscopy/table/00_85.jpeg, id=807, 584.1825pt x 583.17876pt>
File: Figures/conoscopy/table/00_85.jpeg Graphic file (type jpg)
<use Figures/conoscopy/table/00_85.jpeg>
Package pdftex.def Info: Figures/conoscopy/table/00_85.jpeg  used on input line
 394.
(pdftex.def)             Requested size: 11.68611pt x 11.66603pt.

Overfull \hbox (144.49458pt too wide) in paragraph at lines 394--394
 []|[]| 
 []

<Figures/conoscopy/table/00_45.jpeg, id=808, 584.1825pt x 583.17876pt>
File: Figures/conoscopy/table/00_45.jpeg Graphic file (type jpg)
<use Figures/conoscopy/table/00_45.jpeg>
Package pdftex.def Info: Figures/conoscopy/table/00_45.jpeg  used on input line
 394.
(pdftex.def)             Requested size: 11.68611pt x 11.66603pt.

Overfull \hbox (144.49458pt too wide) in paragraph at lines 394--394
 []|[]| 
 []

<Figures/conoscopy/table/00_05.jpeg, id=809, 584.1825pt x 583.17876pt>
File: Figures/conoscopy/table/00_05.jpeg Graphic file (type jpg)
<use Figures/conoscopy/table/00_05.jpeg>
Package pdftex.def Info: Figures/conoscopy/table/00_05.jpeg  used on input line
 394.
(pdftex.def)             Requested size: 11.68611pt x 11.66603pt.

Overfull \hbox (144.49458pt too wide) in paragraph at lines 394--394
 []|[]| 
 []

<Figures/conoscopy/table/00_00.jpeg, id=810, 584.1825pt x 583.17876pt>
File: Figures/conoscopy/table/00_00.jpeg Graphic file (type jpg)
<use Figures/conoscopy/table/00_00.jpeg>
Package pdftex.def Info: Figures/conoscopy/table/00_00.jpeg  used on input line
 394.
(pdftex.def)             Requested size: 11.68611pt x 11.66603pt.

Overfull \hbox (144.49458pt too wide) in paragraph at lines 394--395
 []|[]| 
 []


Overfull \hbox (99.84354pt too wide) in paragraph at lines 383--396
 []$[]$ 
 []


LaTeX Warning: Float too large for page by 468.22298pt on input line 397.

<Figures/conoscopy/conoscope_setup.pdf, id=812, 437.7658pt x 112.20424pt>
File: Figures/conoscopy/conoscope_setup.pdf Graphic file (type pdf)
<use Figures/conoscopy/conoscope_setup.pdf>
Package pdftex.def Info: Figures/conoscopy/conoscope_setup.pdf  used on input l
ine 415.
(pdftex.def)             Requested size: 203.99689pt x 52.28741pt.
[15 <./figures/conoscopy/conoscope_setup.pdf>]

LaTeX Warning: A float is stuck (cannot be placed); try class option [floatfix]
 on input line 428.

<Figures/conoscopy/Rotate_cell/00.jpg, id=836, 318.18875pt x 318.18875pt>
File: Figures/conoscopy/Rotate_cell/00.jpg Graphic file (type jpg)
<use Figures/conoscopy/Rotate_cell/00.jpg>
Package pdftex.def Info: Figures/conoscopy/Rotate_cell/00.jpg  used on input li
ne 433.
(pdftex.def)             Requested size: 51.00311pt x 50.99863pt.
<Figures/conoscopy/Rotate_cell/01.jpg, id=837, 318.18875pt x 318.18875pt>
File: Figures/conoscopy/Rotate_cell/01.jpg Graphic file (type jpg)
<use Figures/conoscopy/Rotate_cell/01.jpg>
Package pdftex.def Info: Figures/conoscopy/Rotate_cell/01.jpg  used on input li
ne 434.
(pdftex.def)             Requested size: 51.00311pt x 50.99863pt.
<Figures/conoscopy/Rotate_cell/02.jpg, id=838, 318.18875pt x 318.18875pt>
File: Figures/conoscopy/Rotate_cell/02.jpg Graphic file (type jpg)
<use Figures/conoscopy/Rotate_cell/02.jpg>
Package pdftex.def Info: Figures/conoscopy/Rotate_cell/02.jpg  used on input li
ne 435.
(pdftex.def)             Requested size: 51.00311pt x 50.99863pt.
<Figures/conoscopy/Rotate_cell/03.jpg, id=839, 318.18875pt x 318.18875pt>
File: Figures/conoscopy/Rotate_cell/03.jpg Graphic file (type jpg)
<use Figures/conoscopy/Rotate_cell/03.jpg>
Package pdftex.def Info: Figures/conoscopy/Rotate_cell/03.jpg  used on input li
ne 436.
(pdftex.def)             Requested size: 51.00311pt x 50.99863pt.
<Figures/conoscopy/Rotate_cell/04.jpg, id=840, 318.18875pt x 318.18875pt>
File: Figures/conoscopy/Rotate_cell/04.jpg Graphic file (type jpg)
<use Figures/conoscopy/Rotate_cell/04.jpg>
Package pdftex.def Info: Figures/conoscopy/Rotate_cell/04.jpg  used on input li
ne 437.
(pdftex.def)             Requested size: 51.00311pt x 50.99863pt.
<Figures/conoscopy/Rotate_cell/05.jpg, id=841, 318.18875pt x 318.18875pt>
File: Figures/conoscopy/Rotate_cell/05.jpg Graphic file (type jpg)
<use Figures/conoscopy/Rotate_cell/05.jpg>
Package pdftex.def Info: Figures/conoscopy/Rotate_cell/05.jpg  used on input li
ne 438.
(pdftex.def)             Requested size: 51.00311pt x 50.99863pt.
<Figures/conoscopy/Rotate_cell/06.jpg, id=842, 318.18875pt x 318.18875pt>
File: Figures/conoscopy/Rotate_cell/06.jpg Graphic file (type jpg)
<use Figures/conoscopy/Rotate_cell/06.jpg>
Package pdftex.def Info: Figures/conoscopy/Rotate_cell/06.jpg  used on input li
ne 439.
(pdftex.def)             Requested size: 51.00311pt x 50.99863pt.
<Figures/conoscopy/Rotate_cell/07.jpg, id=843, 318.18875pt x 318.18875pt>
File: Figures/conoscopy/Rotate_cell/07.jpg Graphic file (type jpg)
<use Figures/conoscopy/Rotate_cell/07.jpg>
Package pdftex.def Info: Figures/conoscopy/Rotate_cell/07.jpg  used on input li
ne 440.
(pdftex.def)             Requested size: 51.00311pt x 50.99863pt.
<Figures/conoscopy/Rotate_cell/08.jpg, id=844, 318.18875pt x 318.18875pt>
File: Figures/conoscopy/Rotate_cell/08.jpg Graphic file (type jpg)
<use Figures/conoscopy/Rotate_cell/08.jpg>
Package pdftex.def Info: Figures/conoscopy/Rotate_cell/08.jpg  used on input li
ne 441.
(pdftex.def)             Requested size: 51.00311pt x 50.99863pt.
<Figures/conoscopy/Rotate_cell/09.jpg, id=845, 318.18875pt x 318.18875pt>
File: Figures/conoscopy/Rotate_cell/09.jpg Graphic file (type jpg)
<use Figures/conoscopy/Rotate_cell/09.jpg>
Package pdftex.def Info: Figures/conoscopy/Rotate_cell/09.jpg  used on input li
ne 442.
(pdftex.def)             Requested size: 51.00311pt x 50.99863pt.
<Figures/conoscopy/Rotate_cell/10.jpg, id=846, 318.18875pt x 318.18875pt>
File: Figures/conoscopy/Rotate_cell/10.jpg Graphic file (type jpg)
<use Figures/conoscopy/Rotate_cell/10.jpg>
Package pdftex.def Info: Figures/conoscopy/Rotate_cell/10.jpg  used on input li
ne 443.
(pdftex.def)             Requested size: 51.00311pt x 50.99863pt.
<Figures/conoscopy/Rotate_cell/11.jpg, id=847, 318.18875pt x 318.18875pt>
File: Figures/conoscopy/Rotate_cell/11.jpg Graphic file (type jpg)
<use Figures/conoscopy/Rotate_cell/11.jpg>
Package pdftex.def Info: Figures/conoscopy/Rotate_cell/11.jpg  used on input li
ne 444.
(pdftex.def)             Requested size: 51.00311pt x 50.99863pt.
<Figures/conoscopy/Rotate_cell/12.jpg, id=848, 318.18875pt x 318.18875pt>
File: Figures/conoscopy/Rotate_cell/12.jpg Graphic file (type jpg)
<use Figures/conoscopy/Rotate_cell/12.jpg>
Package pdftex.def Info: Figures/conoscopy/Rotate_cell/12.jpg  used on input li
ne 445.
(pdftex.def)             Requested size: 51.00311pt x 50.99863pt.
<Figures/conoscopy/Rotate_cell/13.jpg, id=849, 318.18875pt x 318.18875pt>
File: Figures/conoscopy/Rotate_cell/13.jpg Graphic file (type jpg)
<use Figures/conoscopy/Rotate_cell/13.jpg>
Package pdftex.def Info: Figures/conoscopy/Rotate_cell/13.jpg  used on input li
ne 446.
(pdftex.def)             Requested size: 51.00311pt x 50.99863pt.
<Figures/conoscopy/Rotate_cell/14.jpg, id=850, 318.18875pt x 318.18875pt>
File: Figures/conoscopy/Rotate_cell/14.jpg Graphic file (type jpg)
<use Figures/conoscopy/Rotate_cell/14.jpg>
Package pdftex.def Info: Figures/conoscopy/Rotate_cell/14.jpg  used on input li
ne 447.
(pdftex.def)             Requested size: 51.00311pt x 50.99863pt.
<Figures/conoscopy/Rotate_cell/15.jpg, id=851, 318.18875pt x 318.18875pt>
File: Figures/conoscopy/Rotate_cell/15.jpg Graphic file (type jpg)
<use Figures/conoscopy/Rotate_cell/15.jpg>
Package pdftex.def Info: Figures/conoscopy/Rotate_cell/15.jpg  used on input li
ne 448.
(pdftex.def)             Requested size: 51.00311pt x 50.99863pt.
<Figures/conoscopy/Rotate_cell/16.jpg, id=852, 318.18875pt x 318.18875pt>
File: Figures/conoscopy/Rotate_cell/16.jpg Graphic file (type jpg)
<use Figures/conoscopy/Rotate_cell/16.jpg>
Package pdftex.def Info: Figures/conoscopy/Rotate_cell/16.jpg  used on input li
ne 449.
(pdftex.def)             Requested size: 51.00311pt x 50.99863pt.
<Figures/conoscopy/Rotate_cell/17.jpg, id=853, 318.18875pt x 318.18875pt>
File: Figures/conoscopy/Rotate_cell/17.jpg Graphic file (type jpg)
<use Figures/conoscopy/Rotate_cell/17.jpg>
Package pdftex.def Info: Figures/conoscopy/Rotate_cell/17.jpg  used on input li
ne 450.
(pdftex.def)             Requested size: 51.00311pt x 50.99863pt.
<Figures/conoscopy/Rotate_cell/modelled/cropped/01.jpg, id=857, 401.5pt x 401.5
pt>
File: Figures/conoscopy/Rotate_cell/modelled/cropped/01.jpg Graphic file (type 
jpg)
<use Figures/conoscopy/Rotate_cell/modelled/cropped/01.jpg>
Package pdftex.def Info: Figures/conoscopy/Rotate_cell/modelled/cropped/01.jpg 
 used on input line 460.
(pdftex.def)             Requested size: 51.00311pt x 51.00218pt.
<Figures/conoscopy/Rotate_cell/modelled/cropped/02.jpg, id=858, 401.5pt x 401.5
pt>
File: Figures/conoscopy/Rotate_cell/modelled/cropped/02.jpg Graphic file (type 
jpg)
<use Figures/conoscopy/Rotate_cell/modelled/cropped/02.jpg>
Package pdftex.def Info: Figures/conoscopy/Rotate_cell/modelled/cropped/02.jpg 
 used on input line 461.
(pdftex.def)             Requested size: 51.00311pt x 51.00218pt.
<Figures/conoscopy/Rotate_cell/modelled/cropped/03.jpg, id=859, 401.5pt x 401.5
pt>
File: Figures/conoscopy/Rotate_cell/modelled/cropped/03.jpg Graphic file (type 
jpg)
<use Figures/conoscopy/Rotate_cell/modelled/cropped/03.jpg>
Package pdftex.def Info: Figures/conoscopy/Rotate_cell/modelled/cropped/03.jpg 
 used on input line 462.
(pdftex.def)             Requested size: 51.00311pt x 51.00218pt.
<Figures/conoscopy/Rotate_cell/modelled/cropped/04.jpg, id=860, 401.5pt x 401.5
pt>
File: Figures/conoscopy/Rotate_cell/modelled/cropped/04.jpg Graphic file (type 
jpg)
<use Figures/conoscopy/Rotate_cell/modelled/cropped/04.jpg>
Package pdftex.def Info: Figures/conoscopy/Rotate_cell/modelled/cropped/04.jpg 
 used on input line 463.
(pdftex.def)             Requested size: 51.00311pt x 51.00218pt.
<Figures/conoscopy/Rotate_cell/modelled/cropped/05.jpg, id=861, 401.5pt x 401.5
pt>
File: Figures/conoscopy/Rotate_cell/modelled/cropped/05.jpg Graphic file (type 
jpg)
<use Figures/conoscopy/Rotate_cell/modelled/cropped/05.jpg>
Package pdftex.def Info: Figures/conoscopy/Rotate_cell/modelled/cropped/05.jpg 
 used on input line 464.
(pdftex.def)             Requested size: 51.00311pt x 51.00218pt.
<Figures/conoscopy/Rotate_cell/modelled/cropped/06.jpg, id=862, 401.5pt x 401.5
pt>
File: Figures/conoscopy/Rotate_cell/modelled/cropped/06.jpg Graphic file (type 
jpg)
<use Figures/conoscopy/Rotate_cell/modelled/cropped/06.jpg>
Package pdftex.def Info: Figures/conoscopy/Rotate_cell/modelled/cropped/06.jpg 
 used on input line 465.
(pdftex.def)             Requested size: 51.00311pt x 51.00218pt.
<Figures/conoscopy/Rotate_cell/modelled/cropped/07.jpg, id=863, 401.5pt x 401.5
pt>
File: Figures/conoscopy/Rotate_cell/modelled/cropped/07.jpg Graphic file (type 
jpg)
<use Figures/conoscopy/Rotate_cell/modelled/cropped/07.jpg>
Package pdftex.def Info: Figures/conoscopy/Rotate_cell/modelled/cropped/07.jpg 
 used on input line 466.
(pdftex.def)             Requested size: 51.00311pt x 51.00218pt.
<Figures/conoscopy/Rotate_cell/modelled/cropped/08.jpg, id=864, 401.5pt x 401.5
pt>
File: Figures/conoscopy/Rotate_cell/modelled/cropped/08.jpg Graphic file (type 
jpg)
<use Figures/conoscopy/Rotate_cell/modelled/cropped/08.jpg>
Package pdftex.def Info: Figures/conoscopy/Rotate_cell/modelled/cropped/08.jpg 
 used on input line 467.
(pdftex.def)             Requested size: 51.00311pt x 51.00218pt.
<Figures/conoscopy/Rotate_cell/modelled/cropped/09.jpg, id=865, 401.5pt x 401.5
pt>
File: Figures/conoscopy/Rotate_cell/modelled/cropped/09.jpg Graphic file (type 
jpg)
<use Figures/conoscopy/Rotate_cell/modelled/cropped/09.jpg>
Package pdftex.def Info: Figures/conoscopy/Rotate_cell/modelled/cropped/09.jpg 
 used on input line 468.
(pdftex.def)             Requested size: 51.00311pt x 51.00218pt.
<Figures/conoscopy/Rotate_cell/modelled/cropped/10.jpg, id=866, 401.5pt x 401.5
pt>
File: Figures/conoscopy/Rotate_cell/modelled/cropped/10.jpg Graphic file (type 
jpg)
<use Figures/conoscopy/Rotate_cell/modelled/cropped/10.jpg>
Package pdftex.def Info: Figures/conoscopy/Rotate_cell/modelled/cropped/10.jpg 
 used on input line 469.
(pdftex.def)             Requested size: 51.00311pt x 51.00218pt.
<Figures/conoscopy/Rotate_cell/modelled/cropped/11.jpg, id=867, 401.5pt x 401.5
pt>
File: Figures/conoscopy/Rotate_cell/modelled/cropped/11.jpg Graphic file (type 
jpg)
<use Figures/conoscopy/Rotate_cell/modelled/cropped/11.jpg>
Package pdftex.def Info: Figures/conoscopy/Rotate_cell/modelled/cropped/11.jpg 
 used on input line 470.
(pdftex.def)             Requested size: 51.00311pt x 51.00218pt.
<Figures/conoscopy/Rotate_cell/modelled/cropped/12.jpg, id=868, 401.5pt x 401.5
pt>
File: Figures/conoscopy/Rotate_cell/modelled/cropped/12.jpg Graphic file (type 
jpg)
<use Figures/conoscopy/Rotate_cell/modelled/cropped/12.jpg>
Package pdftex.def Info: Figures/conoscopy/Rotate_cell/modelled/cropped/12.jpg 
 used on input line 471.
(pdftex.def)             Requested size: 51.00311pt x 51.00218pt.
<Figures/conoscopy/Rotate_cell/modelled/cropped/13.jpg, id=869, 401.5pt x 401.5
pt>
File: Figures/conoscopy/Rotate_cell/modelled/cropped/13.jpg Graphic file (type 
jpg)
<use Figures/conoscopy/Rotate_cell/modelled/cropped/13.jpg>
Package pdftex.def Info: Figures/conoscopy/Rotate_cell/modelled/cropped/13.jpg 
 used on input line 472.
(pdftex.def)             Requested size: 51.00311pt x 51.00218pt.
<Figures/conoscopy/Rotate_cell/modelled/cropped/14.jpg, id=870, 401.5pt x 401.5
pt>
File: Figures/conoscopy/Rotate_cell/modelled/cropped/14.jpg Graphic file (type 
jpg)
<use Figures/conoscopy/Rotate_cell/modelled/cropped/14.jpg>
Package pdftex.def Info: Figures/conoscopy/Rotate_cell/modelled/cropped/14.jpg 
 used on input line 473.
(pdftex.def)             Requested size: 51.00311pt x 51.00218pt.
<Figures/conoscopy/Rotate_cell/modelled/cropped/15.jpg, id=871, 401.5pt x 401.5
pt>
File: Figures/conoscopy/Rotate_cell/modelled/cropped/15.jpg Graphic file (type 
jpg)
<use Figures/conoscopy/Rotate_cell/modelled/cropped/15.jpg>
Package pdftex.def Info: Figures/conoscopy/Rotate_cell/modelled/cropped/15.jpg 
 used on input line 474.
(pdftex.def)             Requested size: 51.00311pt x 51.00218pt.
<Figures/conoscopy/Rotate_cell/modelled/cropped/16.jpg, id=872, 401.5pt x 401.5
pt>
File: Figures/conoscopy/Rotate_cell/modelled/cropped/16.jpg Graphic file (type 
jpg)
<use Figures/conoscopy/Rotate_cell/modelled/cropped/16.jpg>
Package pdftex.def Info: Figures/conoscopy/Rotate_cell/modelled/cropped/16.jpg 
 used on input line 475.
(pdftex.def)             Requested size: 51.00311pt x 51.00218pt.
<Figures/conoscopy/Rotate_cell/modelled/cropped/17.jpg, id=873, 401.5pt x 401.5
pt>
File: Figures/conoscopy/Rotate_cell/modelled/cropped/17.jpg Graphic file (type 
jpg)
<use Figures/conoscopy/Rotate_cell/modelled/cropped/17.jpg>
Package pdftex.def Info: Figures/conoscopy/Rotate_cell/modelled/cropped/17.jpg 
 used on input line 476.
(pdftex.def)             Requested size: 51.00311pt x 51.00218pt.
<Figures/conoscopy/Rotate_cell/modelled/cropped/18.jpg, id=874, 401.5pt x 401.5
pt>
File: Figures/conoscopy/Rotate_cell/modelled/cropped/18.jpg Graphic file (type 
jpg)
<use Figures/conoscopy/Rotate_cell/modelled/cropped/18.jpg>
Package pdftex.def Info: Figures/conoscopy/Rotate_cell/modelled/cropped/18.jpg 
 used on input line 477.
(pdftex.def)             Requested size: 51.00311pt x 51.00218pt.
<Figures/conoscopy/Stationary_cell/00.jpg, id=878, 315.1775pt x 315.1775pt>
File: Figures/conoscopy/Stationary_cell/00.jpg Graphic file (type jpg)
<use Figures/conoscopy/Stationary_cell/00.jpg>
Package pdftex.def Info: Figures/conoscopy/Stationary_cell/00.jpg  used on inpu
t line 488.
(pdftex.def)             Requested size: 51.00311pt x 51.00172pt.
<Figures/conoscopy/Stationary_cell/01.jpg, id=879, 315.1775pt x 315.1775pt>
File: Figures/conoscopy/Stationary_cell/01.jpg Graphic file (type jpg)
<use Figures/conoscopy/Stationary_cell/01.jpg>
Package pdftex.def Info: Figures/conoscopy/Stationary_cell/01.jpg  used on inpu
t line 489.
(pdftex.def)             Requested size: 51.00311pt x 51.00172pt.
<Figures/conoscopy/Stationary_cell/02.jpg, id=880, 315.1775pt x 315.1775pt>
File: Figures/conoscopy/Stationary_cell/02.jpg Graphic file (type jpg)
<use Figures/conoscopy/Stationary_cell/02.jpg>
Package pdftex.def Info: Figures/conoscopy/Stationary_cell/02.jpg  used on inpu
t line 490.
(pdftex.def)             Requested size: 51.00311pt x 51.00172pt.
<Figures/conoscopy/Stationary_cell/03.jpg, id=881, 315.1775pt x 315.1775pt>
File: Figures/conoscopy/Stationary_cell/03.jpg Graphic file (type jpg)
<use Figures/conoscopy/Stationary_cell/03.jpg>
Package pdftex.def Info: Figures/conoscopy/Stationary_cell/03.jpg  used on inpu
t line 491.
(pdftex.def)             Requested size: 51.00311pt x 51.00172pt.
<Figures/conoscopy/Stationary_cell/04.jpg, id=882, 315.1775pt x 315.1775pt>
File: Figures/conoscopy/Stationary_cell/04.jpg Graphic file (type jpg)
<use Figures/conoscopy/Stationary_cell/04.jpg>
Package pdftex.def Info: Figures/conoscopy/Stationary_cell/04.jpg  used on inpu
t line 492.
(pdftex.def)             Requested size: 51.00311pt x 51.00172pt.
<Figures/conoscopy/Stationary_cell/05.jpg, id=883, 315.1775pt x 315.1775pt>
File: Figures/conoscopy/Stationary_cell/05.jpg Graphic file (type jpg)
<use Figures/conoscopy/Stationary_cell/05.jpg>
Package pdftex.def Info: Figures/conoscopy/Stationary_cell/05.jpg  used on inpu
t line 493.
(pdftex.def)             Requested size: 51.00311pt x 51.00172pt.
<Figures/conoscopy/Stationary_cell/06.jpg, id=884, 315.1775pt x 315.1775pt>
File: Figures/conoscopy/Stationary_cell/06.jpg Graphic file (type jpg)
<use Figures/conoscopy/Stationary_cell/06.jpg>
Package pdftex.def Info: Figures/conoscopy/Stationary_cell/06.jpg  used on inpu
t line 494.
(pdftex.def)             Requested size: 51.00311pt x 51.00172pt.
<Figures/conoscopy/Stationary_cell/07.jpg, id=885, 315.1775pt x 315.1775pt>
File: Figures/conoscopy/Stationary_cell/07.jpg Graphic file (type jpg)
<use Figures/conoscopy/Stationary_cell/07.jpg>
Package pdftex.def Info: Figures/conoscopy/Stationary_cell/07.jpg  used on inpu
t line 495.
(pdftex.def)             Requested size: 51.00311pt x 51.00172pt.
<Figures/conoscopy/Stationary_cell/08.jpg, id=886, 315.1775pt x 315.1775pt>
File: Figures/conoscopy/Stationary_cell/08.jpg Graphic file (type jpg)
<use Figures/conoscopy/Stationary_cell/08.jpg>
Package pdftex.def Info: Figures/conoscopy/Stationary_cell/08.jpg  used on inpu
t line 496.
(pdftex.def)             Requested size: 51.00311pt x 51.00172pt.
<Figures/conoscopy/Stationary_cell/09.jpg, id=887, 315.1775pt x 315.1775pt>
File: Figures/conoscopy/Stationary_cell/09.jpg Graphic file (type jpg)
<use Figures/conoscopy/Stationary_cell/09.jpg>
Package pdftex.def Info: Figures/conoscopy/Stationary_cell/09.jpg  used on inpu
t line 497.
(pdftex.def)             Requested size: 51.00311pt x 51.00172pt.
<Figures/conoscopy/Stationary_cell/modelled/cropped/00.jpg, id=890, 401.5pt x 4
01.5pt>
File: Figures/conoscopy/Stationary_cell/modelled/cropped/00.jpg Graphic file (t
ype jpg)
<use Figures/conoscopy/Stationary_cell/modelled/cropped/00.jpg>
Package pdftex.def Info: Figures/conoscopy/Stationary_cell/modelled/cropped/00.
jpg  used on input line 506.
(pdftex.def)             Requested size: 51.00311pt x 51.00218pt.
<Figures/conoscopy/Stationary_cell/modelled/cropped/01.jpg, id=891, 401.5pt x 4
01.5pt>
File: Figures/conoscopy/Stationary_cell/modelled/cropped/01.jpg Graphic file (t
ype jpg)
<use Figures/conoscopy/Stationary_cell/modelled/cropped/01.jpg>
Package pdftex.def Info: Figures/conoscopy/Stationary_cell/modelled/cropped/01.
jpg  used on input line 507.
(pdftex.def)             Requested size: 51.00311pt x 51.00218pt.
<Figures/conoscopy/Stationary_cell/modelled/cropped/02.jpg, id=892, 401.5pt x 4
01.5pt>
File: Figures/conoscopy/Stationary_cell/modelled/cropped/02.jpg Graphic file (t
ype jpg)
<use Figures/conoscopy/Stationary_cell/modelled/cropped/02.jpg>
Package pdftex.def Info: Figures/conoscopy/Stationary_cell/modelled/cropped/02.
jpg  used on input line 508.
(pdftex.def)             Requested size: 51.00311pt x 51.00218pt.
<Figures/conoscopy/Stationary_cell/modelled/cropped/03.jpg, id=893, 401.5pt x 4
01.5pt>
File: Figures/conoscopy/Stationary_cell/modelled/cropped/03.jpg Graphic file (t
ype jpg)
<use Figures/conoscopy/Stationary_cell/modelled/cropped/03.jpg>
Package pdftex.def Info: Figures/conoscopy/Stationary_cell/modelled/cropped/03.
jpg  used on input line 509.
(pdftex.def)             Requested size: 51.00311pt x 51.00218pt.
<Figures/conoscopy/Stationary_cell/modelled/cropped/04.jpg, id=894, 401.5pt x 4
01.5pt>
File: Figures/conoscopy/Stationary_cell/modelled/cropped/04.jpg Graphic file (t
ype jpg)
<use Figures/conoscopy/Stationary_cell/modelled/cropped/04.jpg>
Package pdftex.def Info: Figures/conoscopy/Stationary_cell/modelled/cropped/04.
jpg  used on input line 510.
(pdftex.def)             Requested size: 51.00311pt x 51.00218pt.
<Figures/conoscopy/Stationary_cell/modelled/cropped/05.jpg, id=895, 401.5pt x 4
01.5pt>
File: Figures/conoscopy/Stationary_cell/modelled/cropped/05.jpg Graphic file (t
ype jpg)
<use Figures/conoscopy/Stationary_cell/modelled/cropped/05.jpg>
Package pdftex.def Info: Figures/conoscopy/Stationary_cell/modelled/cropped/05.
jpg  used on input line 511.
(pdftex.def)             Requested size: 51.00311pt x 51.00218pt.
<Figures/conoscopy/Stationary_cell/modelled/cropped/06.jpg, id=896, 401.5pt x 4
01.5pt>
File: Figures/conoscopy/Stationary_cell/modelled/cropped/06.jpg Graphic file (t
ype jpg)
<use Figures/conoscopy/Stationary_cell/modelled/cropped/06.jpg>
Package pdftex.def Info: Figures/conoscopy/Stationary_cell/modelled/cropped/06.
jpg  used on input line 512.
(pdftex.def)             Requested size: 51.00311pt x 51.00218pt.
<Figures/conoscopy/Stationary_cell/modelled/cropped/07.jpg, id=897, 401.5pt x 4
01.5pt>
File: Figures/conoscopy/Stationary_cell/modelled/cropped/07.jpg Graphic file (t
ype jpg)
<use Figures/conoscopy/Stationary_cell/modelled/cropped/07.jpg>
Package pdftex.def Info: Figures/conoscopy/Stationary_cell/modelled/cropped/07.
jpg  used on input line 513.
(pdftex.def)             Requested size: 51.00311pt x 51.00218pt.
<Figures/conoscopy/Stationary_cell/modelled/cropped/08.jpg, id=898, 401.5pt x 4
01.5pt>
File: Figures/conoscopy/Stationary_cell/modelled/cropped/08.jpg Graphic file (t
ype jpg)
<use Figures/conoscopy/Stationary_cell/modelled/cropped/08.jpg>
Package pdftex.def Info: Figures/conoscopy/Stationary_cell/modelled/cropped/08.
jpg  used on input line 514.
(pdftex.def)             Requested size: 51.00311pt x 51.00218pt.
<Figures/conoscopy/Stationary_cell/modelled/cropped/09.jpg, id=899, 401.5pt x 4
01.5pt>
File: Figures/conoscopy/Stationary_cell/modelled/cropped/09.jpg Graphic file (t
ype jpg)
<use Figures/conoscopy/Stationary_cell/modelled/cropped/09.jpg>
Package pdftex.def Info: Figures/conoscopy/Stationary_cell/modelled/cropped/09.
jpg  used on input line 515.
(pdftex.def)             Requested size: 51.00311pt x 51.00218pt.
[16 <./figures/conoscopy/Rotate_cell/00.jpg> <./figures/conoscopy/Rotate_cell/0
1.jpg> <./figures/conoscopy/Rotate_cell/02.jpg> <./figures/conoscopy/Rotate_cel
l/03.jpg> <./figures/conoscopy/Rotate_cell/04.jpg> <./figures/conoscopy/Rotate_
cell/05.jpg> <./figures/conoscopy/Rotate_cell/06.jpg> <./figures/conoscopy/Rota
te_cell/07.jpg> <./figures/conoscopy/Rotate_cell/08.jpg> <./figures/conoscopy/R
otate_cell/09.jpg> <./figures/conoscopy/Rotate_cell/10.jpg> <./figures/conoscop
y/Rotate_cell/11.jpg> <./figures/conoscopy/Rotate_cell/12.jpg> <./figures/conos
copy/Rotate_cell/13.jpg> <./figures/conoscopy/Rotate_cell/14.jpg> <./figures/co
noscopy/Rotate_cell/15.jpg> <./figures/conoscopy/Rotate_cell/16.jpg> <./figures
/conoscopy/Rotate_cell/17.jpg>]

LaTeX Warning: A float is stuck (cannot be placed); try class option [floatfix]
 on input line 519.

[17 <./figures/conoscopy/Rotate_cell/modelled/cropped/01.jpg> <./figures/conosc
opy/Rotate_cell/modelled/cropped/02.jpg> <./figures/conoscopy/Rotate_cell/model
led/cropped/03.jpg> <./figures/conoscopy/Rotate_cell/modelled/cropped/04.jpg> <
./figures/conoscopy/Rotate_cell/modelled/cropped/05.jpg> <./figures/conoscopy/R
otate_cell/modelled/cropped/06.jpg> <./figures/conoscopy/Rotate_cell/modelled/c
ropped/07.jpg> <./figures/conoscopy/Rotate_cell/modelled/cropped/08.jpg> <./fig
ures/conoscopy/Rotate_cell/modelled/cropped/09.jpg> <./figures/conoscopy/Rotate
_cell/modelled/cropped/10.jpg> <./figures/conoscopy/Rotate_cell/modelled/croppe
d/11.jpg> <./figures/conoscopy/Rotate_cell/modelled/cropped/12.jpg> <./figures/
conoscopy/Rotate_cell/modelled/cropped/13.jpg> <./figures/conoscopy/Rotate_cell
/modelled/cropped/14.jpg> <./figures/conoscopy/Rotate_cell/modelled/cropped/15.
jpg> <./figures/conoscopy/Rotate_cell/modelled/cropped/16.jpg> <./figures/conos
copy/Rotate_cell/modelled/cropped/17.jpg> <./figures/conoscopy/Rotate_cell/mode
lled/cropped/18.jpg> <./figures/conoscopy/Stationary_cell/00.jpg> <./figures/co
noscopy/Stationary_cell/01.jpg> <./figures/conoscopy/Stationary_cell/02.jpg> <.
/figures/conoscopy/Stationary_cell/03.jpg> <./figures/conoscopy/Stationary_cell
/04.jpg> <./figures/conoscopy/Stationary_cell/05.jpg> <./figures/conoscopy/Stat
ionary_cell/06.jpg> <./figures/conoscopy/Stationary_cell/07.jpg> <./figures/con
oscopy/Stationary_cell/08.jpg> <./figures/conoscopy/Stationary_cell/09.jpg> <./
figures/conoscopy/Stationary_cell/modelled/cropped/00.jpg> <./figures/conoscopy
/Stationary_cell/modelled/cropped/01.jpg> <./figures/conoscopy/Stationary_cell/
modelled/cropped/02.jpg> <./figures/conoscopy/Stationary_cell/modelled/cropped/
03.jpg> <./figures/conoscopy/Stationary_cell/modelled/cropped/04.jpg> <./figure
s/conoscopy/Stationary_cell/modelled/cropped/05.jpg> <./figures/conoscopy/Stati
onary_cell/modelled/cropped/06.jpg> <./figures/conoscopy/Stationary_cell/modell
ed/cropped/07.jpg> <./figures/conoscopy/Stationary_cell/modelled/cropped/08.jpg
> <./figures/conoscopy/Stationary_cell/modelled/cropped/09.jpg>]

LaTeX Warning: A float is stuck (cannot be placed); try class option [floatfix]
 on input line 522.

<Figures/conoscopy/Planar_thickness/0.jpg, id=978, 322.20375pt x 322.20375pt>
File: Figures/conoscopy/Planar_thickness/0.jpg Graphic file (type jpg)
<use Figures/conoscopy/Planar_thickness/0.jpg>
Package pdftex.def Info: Figures/conoscopy/Planar_thickness/0.jpg  used on inpu
t line 525.
(pdftex.def)             Requested size: 51.00311pt x 51.003pt.
<Figures/conoscopy/Planar_thickness/1.jpg, id=979, 322.20375pt x 322.20375pt>
File: Figures/conoscopy/Planar_thickness/1.jpg Graphic file (type jpg)
<use Figures/conoscopy/Planar_thickness/1.jpg>
Package pdftex.def Info: Figures/conoscopy/Planar_thickness/1.jpg  used on inpu
t line 526.
(pdftex.def)             Requested size: 51.00311pt x 51.003pt.
<Figures/conoscopy/Planar_thickness/2.jpg, id=980, 322.20375pt x 322.20375pt>
File: Figures/conoscopy/Planar_thickness/2.jpg Graphic file (type jpg)
<use Figures/conoscopy/Planar_thickness/2.jpg>
Package pdftex.def Info: Figures/conoscopy/Planar_thickness/2.jpg  used on inpu
t line 527.
(pdftex.def)             Requested size: 51.00311pt x 51.003pt.
<Figures/conoscopy/Planar_thickness/3.jpg, id=981, 322.20375pt x 322.20375pt>
File: Figures/conoscopy/Planar_thickness/3.jpg Graphic file (type jpg)
<use Figures/conoscopy/Planar_thickness/3.jpg>
Package pdftex.def Info: Figures/conoscopy/Planar_thickness/3.jpg  used on inpu
t line 528.
(pdftex.def)             Requested size: 51.00311pt x 51.003pt.
<Figures/conoscopy/Planar_thickness/4.jpg, id=982, 322.20375pt x 322.20375pt>
File: Figures/conoscopy/Planar_thickness/4.jpg Graphic file (type jpg)
<use Figures/conoscopy/Planar_thickness/4.jpg>
Package pdftex.def Info: Figures/conoscopy/Planar_thickness/4.jpg  used on inpu
t line 529.
(pdftex.def)             Requested size: 51.00311pt x 51.003pt.
<Figures/conoscopy/Planar_thickness/5.jpg, id=983, 322.20375pt x 322.20375pt>
File: Figures/conoscopy/Planar_thickness/5.jpg Graphic file (type jpg)
<use Figures/conoscopy/Planar_thickness/5.jpg>
Package pdftex.def Info: Figures/conoscopy/Planar_thickness/5.jpg  used on inpu
t line 530.
(pdftex.def)             Requested size: 51.00311pt x 51.003pt.
<Figures/conoscopy/Planar_thickness/6.jpg, id=984, 322.20375pt x 322.20375pt>
File: Figures/conoscopy/Planar_thickness/6.jpg Graphic file (type jpg)
<use Figures/conoscopy/Planar_thickness/6.jpg>
Package pdftex.def Info: Figures/conoscopy/Planar_thickness/6.jpg  used on inpu
t line 531.
(pdftex.def)             Requested size: 51.00311pt x 51.003pt.
<Figures/conoscopy/homeotropic/00.jpg, id=991, 329.23pt x 329.23pt>
File: Figures/conoscopy/homeotropic/00.jpg Graphic file (type jpg)
<use Figures/conoscopy/homeotropic/00.jpg>
Package pdftex.def Info: Figures/conoscopy/homeotropic/00.jpg  used on input li
ne 545.
(pdftex.def)             Requested size: 51.00311pt x 50.99997pt.
<Figures/conoscopy/homeotropic/01.jpg, id=992, 329.23pt x 329.23pt>
File: Figures/conoscopy/homeotropic/01.jpg Graphic file (type jpg)
<use Figures/conoscopy/homeotropic/01.jpg>
Package pdftex.def Info: Figures/conoscopy/homeotropic/01.jpg  used on input li
ne 546.
(pdftex.def)             Requested size: 51.00311pt x 50.99997pt.
<Figures/conoscopy/homeotropic/03.jpg, id=993, 282.05376pt x 282.05376pt>
File: Figures/conoscopy/homeotropic/03.jpg Graphic file (type jpg)
<use Figures/conoscopy/homeotropic/03.jpg>
Package pdftex.def Info: Figures/conoscopy/homeotropic/03.jpg  used on input li
ne 547.
(pdftex.def)             Requested size: 51.00311pt x 50.99988pt.
<Figures/conoscopy/homeotropic/04.jpg, id=994, 282.05376pt x 282.05376pt>
File: Figures/conoscopy/homeotropic/04.jpg Graphic file (type jpg)
<use Figures/conoscopy/homeotropic/04.jpg>
Package pdftex.def Info: Figures/conoscopy/homeotropic/04.jpg  used on input li
ne 548.
(pdftex.def)             Requested size: 51.00311pt x 50.99988pt.
<Figures/conoscopy/polarisers/00.jpg, id=997, 329.23pt x 329.23pt>
File: Figures/conoscopy/polarisers/00.jpg Graphic file (type jpg)
<use Figures/conoscopy/polarisers/00.jpg>
Package pdftex.def Info: Figures/conoscopy/polarisers/00.jpg  used on input lin
e 558.
(pdftex.def)             Requested size: 51.00311pt x 50.99997pt.
<Figures/conoscopy/polarisers/01.jpg, id=998, 329.23pt x 329.23pt>
File: Figures/conoscopy/polarisers/01.jpg Graphic file (type jpg)
<use Figures/conoscopy/polarisers/01.jpg>
Package pdftex.def Info: Figures/conoscopy/polarisers/01.jpg  used on input lin
e 559.
(pdftex.def)             Requested size: 51.00311pt x 50.99997pt.
<Figures/conoscopy/polarisers/02.jpg, id=999, 329.23pt x 329.23pt>
File: Figures/conoscopy/polarisers/02.jpg Graphic file (type jpg)
<use Figures/conoscopy/polarisers/02.jpg>
Package pdftex.def Info: Figures/conoscopy/polarisers/02.jpg  used on input lin
e 560.
(pdftex.def)             Requested size: 51.00311pt x 50.99997pt.
<Figures/conoscopy/polarisers/03.jpg, id=1000, 329.23pt x 329.23pt>
File: Figures/conoscopy/polarisers/03.jpg Graphic file (type jpg)
<use Figures/conoscopy/polarisers/03.jpg>
Package pdftex.def Info: Figures/conoscopy/polarisers/03.jpg  used on input lin
e 561.
(pdftex.def)             Requested size: 51.00311pt x 50.99997pt.
[18 <./figures/conoscopy/Planar_thickness/0.jpg> <./figures/conoscopy/Planar_th
ickness/1.jpg> <./figures/conoscopy/Planar_thickness/2.jpg> <./figures/conoscop
y/Planar_thickness/3.jpg> <./figures/conoscopy/Planar_thickness/4.jpg> <./figur
es/conoscopy/Planar_thickness/5.jpg> <./figures/conoscopy/Planar_thickness/6.jp
g> <./figures/conoscopy/homeotropic/00.jpg> <./figures/conoscopy/homeotropic/01
.jpg> <./figures/conoscopy/homeotropic/03.jpg> <./figures/conoscopy/homeotropic
/04.jpg>]

LaTeX Warning: A float is stuck (cannot be placed); try class option [floatfix]
 on input line 568.

<Figures/Mirror/bob.jpeg, id=1024, 489.83pt x 489.83pt>
File: Figures/Mirror/bob.jpeg Graphic file (type jpg)
<use Figures/Mirror/bob.jpeg>
Package pdftex.def Info: Figures/Mirror/bob.jpeg  used on input line 577.
(pdftex.def)             Requested size: 76.49689pt x 76.49089pt.
<Figures/Mirror/bobsmooth.jpeg, id=1025, 489.83pt x 489.83pt>
File: Figures/Mirror/bobsmooth.jpeg Graphic file (type jpg)
<use Figures/Mirror/bobsmooth.jpeg>
Package pdftex.def Info: Figures/Mirror/bobsmooth.jpeg  used on input line 578.

(pdftex.def)             Requested size: 76.49689pt x 76.49089pt.
<Figures/Mirror/1.pdf, id=1026, 505.89pt x 504.88625pt>
File: Figures/Mirror/1.pdf Graphic file (type pdf)
<use Figures/Mirror/1.pdf>
Package pdftex.def Info: Figures/Mirror/1.pdf  used on input line 579.
(pdftex.def)             Requested size: 101.99844pt x 101.79207pt.
<Figures/Mirror/2.pdf, id=1027, 505.89pt x 504.88625pt>
File: Figures/Mirror/2.pdf Graphic file (type pdf)
<use Figures/Mirror/2.pdf>
Package pdftex.def Info: Figures/Mirror/2.pdf  used on input line 580.
(pdftex.def)             Requested size: 101.99844pt x 101.79207pt.
<Figures/Mirror/3.pdf, id=1028, 505.89pt x 504.88625pt>
File: Figures/Mirror/3.pdf Graphic file (type pdf)
<use Figures/Mirror/3.pdf>
Package pdftex.def Info: Figures/Mirror/3.pdf  used on input line 581.
(pdftex.def)             Requested size: 101.99844pt x 101.79207pt.
<Figures/Mirror/4.pdf, id=1029, 505.89pt x 504.88625pt>
File: Figures/Mirror/4.pdf Graphic file (type pdf)
<use Figures/Mirror/4.pdf>
Package pdftex.def Info: Figures/Mirror/4.pdf  used on input line 582.
(pdftex.def)             Requested size: 101.99844pt x 101.79207pt.
<Figures/Mirror/5.pdf, id=1030, 505.89pt x 504.88625pt>
File: Figures/Mirror/5.pdf Graphic file (type pdf)
<use Figures/Mirror/5.pdf>
Package pdftex.def Info: Figures/Mirror/5.pdf  used on input line 583.
(pdftex.def)             Requested size: 101.99844pt x 101.79207pt.
<Figures/Mirror/6.pdf, id=1031, 505.89pt x 504.88625pt>
File: Figures/Mirror/6.pdf Graphic file (type pdf)
<use Figures/Mirror/6.pdf>
Package pdftex.def Info: Figures/Mirror/6.pdf  used on input line 584.
(pdftex.def)             Requested size: 101.99844pt x 101.79207pt.
<Figures/Mirror/9.pdf, id=1032, 505.89pt x 504.88625pt>
File: Figures/Mirror/9.pdf Graphic file (type pdf)
<use Figures/Mirror/9.pdf>
Package pdftex.def Info: Figures/Mirror/9.pdf  used on input line 585.
(pdftex.def)             Requested size: 101.99844pt x 101.79207pt.
<Figures/Mirror/10.pdf, id=1033, 505.89pt x 504.88625pt>
File: Figures/Mirror/10.pdf Graphic file (type pdf)
<use Figures/Mirror/10.pdf>
Package pdftex.def Info: Figures/Mirror/10.pdf  used on input line 586.
(pdftex.def)             Requested size: 101.99844pt x 101.79207pt.

LaTeX Warning: Float too large for page by 22.65916pt on input line 589.

[19 <./figures/conoscopy/polarisers/00.jpg> <./figures/conoscopy/polarisers/01.
jpg> <./figures/conoscopy/polarisers/02.jpg> <./figures/conoscopy/polarisers/03
.jpg>]

LaTeX Warning: A float is stuck (cannot be placed); try class option [floatfix]
 on input line 606.

<Figures/45/cell_fabrication.pdf, id=1046, 2206.71693pt x 577.33783pt>
File: Figures/45/cell_fabrication.pdf Graphic file (type pdf)
<use Figures/45/cell_fabrication.pdf>
Package pdftex.def Info: Figures/45/cell_fabrication.pdf  used on input line 61
7.
(pdftex.def)             Requested size: 249.9028pt x 65.37495pt.

Overfull \hbox (3.9028pt too wide) in paragraph at lines 617--618
 [] 
 []

[20 <./figures/Mirror/bob.jpeg> <./figures/Mirror/bobsmooth.jpeg> <./figures/Mi
rror/1.pdf> <./figures/Mirror/2.pdf> <./figures/Mirror/3.pdf> <./figures/Mirror
/4.pdf> <./figures/Mirror/5.pdf> <./figures/Mirror/6.pdf> <./figures/Mirror/9.p
df> <./figures/Mirror/10.pdf> <./figures/45/cell_fabrication.pdf>]

LaTeX Warning: A float is stuck (cannot be placed); try class option [floatfix]
 on input line 628.


LaTeX Warning: Reference `fig:collar' on page 21 undefined on input line 632.


LaTeX Warning: Reference `fig:conoscope_schem1' on page 21 undefined on input l
ine 635.

<Figures/45/collar_photo.jpg, id=1104, 493.845pt x 370.38374pt>
File: Figures/45/collar_photo.jpg Graphic file (type jpg)
<use Figures/45/collar_photo.jpg>
Package pdftex.def Info: Figures/45/collar_photo.jpg  used on input line 639.
(pdftex.def)             Requested size: 101.99844pt x 76.49431pt.
<Figures/45/collar.pdf, id=1105, 446.56837pt x 306.09358pt>
File: Figures/45/collar.pdf Graphic file (type pdf)
<use Figures/45/collar.pdf>
Package pdftex.def Info: Figures/45/collar.pdf  used on input line 640.
(pdftex.def)             Requested size: 101.99844pt x 69.90962pt.
<Figures/Theory/cell_cono.pdf, id=1106, 1002.46278pt x 880.80661pt>
File: Figures/Theory/cell_cono.pdf Graphic file (type pdf)
<use Figures/Theory/cell_cono.pdf>
Package pdftex.def Info: Figures/Theory/cell_cono.pdf  used on input line 647.
(pdftex.def)             Requested size: 203.99689pt x 179.23596pt.
) [21
\@writefile{lot}{\contentsline {table}{\numberline {III}{\ignorespaces Characte
ristic conoscopic figures}}{21}{table.3}\protected@file@percent }
\newlabel{fig:figures}{{III}{21}{Characteristic conoscopic figures}{table.3}{}}

 <./figures/conoscopy/table/90_90.jpeg> <./figures/conoscopy/table/90_85.jpeg> 
<./figures/conoscopy/table/90_45.jpeg> <./figures/conoscopy/table/90_05.jpeg> <
./figures/conoscopy/table/90_00.jpeg> <./figures/conoscopy/table/60_90.jpeg> <.
/figures/conoscopy/table/60_85.jpeg> <./figures/conoscopy/table/60_45.jpeg> <./
figures/conoscopy/table/60_05.jpeg> <./figures/conoscopy/table/60_00.jpeg> <./f
igures/conoscopy/table/45_90.jpeg> <./figures/conoscopy/table/45_85.jpeg> <./fi
gures/conoscopy/table/45_45.jpeg> <./figures/conoscopy/table/45_05.jpeg> <./fig
ures/conoscopy/table/45_00.jpeg> <./figures/conoscopy/table/30_90.jpeg> <./figu
res/conoscopy/table/30_85.jpeg> <./figures/conoscopy/table/30_45.jpeg> <./figur
es/conoscopy/table/30_05.jpeg> <./figures/conoscopy/table/30_00.jpeg> <./figure
s/conoscopy/table/00_90.jpeg> <./figures/conoscopy/table/00_85.jpeg> <./figures
/conoscopy/table/00_45.jpeg> <./figures/conoscopy/table/00_05.jpeg> <./figures/
conoscopy/table/00_00.jpeg>]

LaTeX Warning: A float is stuck (cannot be placed); try class option [floatfix]
 on input line 116.


Class revtex4-1 Warning: Deferred float stuck during \clearpage processing.

[22
\@writefile{lof}{\contentsline {figure}{\numberline {22}{\ignorespaces Flow cel
l connections}}{22}{figure.22}\protected@file@percent }
\newlabel{fig:collar}{{22}{22}{Flow cell connections}{figure.22}{}}
\@writefile{lof}{\contentsline {subfigure}{\numberline{(a)}{\ignorespaces {}}}{
22}{figure.22}\protected@file@percent }
\@writefile{lof}{\contentsline {subfigure}{\numberline{(b)}{\ignorespaces {}}}{
22}{figure.22}\protected@file@percent }
\@writefile{lof}{\contentsline {figure}{\numberline {23}{\ignorespaces Schemati
c depiction of flow cell in the conoscope}}{22}{figure.23}\protected@file@perce
nt }
\newlabel{fig:conoscope_schem1}{{23}{22}{Schematic depiction of flow cell in th
e conoscope}{figure.23}{}}
 <./figures/45/collar_photo.jpg> <./figures/45/collar.pdf> <./figures/Theory/ce
ll_cono.pdf

pdfTeX warning: pdflatex.exe (file ./figures/Theory/cell_cono.pdf): PDF inclusi
on: multiple pdfs with page group included in a single page
>] (./Thesis.bbl
Underfull \hbox (badness 3189) in paragraph at lines 101--105
 []\OT1/cmr/m/n/9 J. Bur-roughes, D. Bradley, A. Brown, R. Marks,
 []


Underfull \hbox (badness 2846) in paragraph at lines 129--134
 []\OT1/cmr/m/n/9 Z. Nguyen, M. Atkin-son, C. Park, J. Maclen-nan,
 []


Underfull \hbox (badness 1609) in paragraph at lines 187--193
 []\OT1/cmr/m/n/9 a. Fern^^Sandez-Nieves, V. Vitelli, a. Utada, D. Link,
 []

[23])
<figures/alex.jpg, id=1226, 1278.7775pt x 959.585pt>
File: figures/alex.jpg Graphic file (type jpg)
<use figures/alex.jpg>
Package pdftex.def Info: figures/alex.jpg  used on input line 125.
(pdftex.def)             Requested size: 203.99689pt x 153.06819pt.
 [24 <./figures/alex.jpg>]
Package atveryend Info: Empty hook `AfterLastShipout' on input line 134.
 (./Thesis.aux (./gumf/gumf.aux)
(./introduction/introduction.aux) (./lc/lc.aux) (./theory/theory.aux))
Package atveryend Info: Executing hook `AtVeryEndDocument' on input line 134.
Package atveryend Info: Executing hook `AtEndAfterFileList' on input line 134.
Package rerunfilecheck Info: File `Thesis.out' has not changed.
(rerunfilecheck)             Checksum: 823045123742A2EAAAE0823DB1C0FCC8;3045.


LaTeX Warning: There were undefined references.

 ) 
Here is how much of TeX's memory you used:
 9447 strings out of 482530
 161114 string characters out of 5949330
 432942 words of memory out of 5000000
 24515 multiletter control sequences out of 15000+600000
 543661 words of font info for 62 fonts, out of 8000000 for 9000
 14 hyphenation exceptions out of 8191
 35i,14n,45p,2504b,616s stack positions out of 5000i,500n,10000p,200000b,80000s
 <c:/Users/Chris/.texlive2020/texmf-var/fonts/pk/ljfour/jknappen/ec/tcrm1000.
600pk><c:/Users/Chris/AppData/Roaming/TinyTeX/texmf-dist/fonts/type1/public/ams
fonts/cm/cmbx10.pfb><c:/Users/Chris/AppData/Roaming/TinyTeX/texmf-dist/fonts/ty
pe1/public/amsfonts/cm/cmbx12.pfb><c:/Users/Chris/AppData/Roaming/TinyTeX/texmf
-dist/fonts/type1/public/amsfonts/cm/cmbx9.pfb><c:/Users/Chris/AppData/Roaming/
TinyTeX/texmf-dist/fonts/type1/public/amsfonts/cm/cmcsc10.pfb><c:/Users/Chris/A
ppData/Roaming/TinyTeX/texmf-dist/fonts/type1/public/amsfonts/cm/cmex10.pfb><c:
/Users/Chris/AppData/Roaming/TinyTeX/texmf-dist/fonts/type1/public/amsfonts/cm/
cmmi10.pfb><c:/Users/Chris/AppData/Roaming/TinyTeX/texmf-dist/fonts/type1/publi
c/amsfonts/cm/cmmi6.pfb><c:/Users/Chris/AppData/Roaming/TinyTeX/texmf-dist/font
s/type1/public/amsfonts/cm/cmmi7.pfb><c:/Users/Chris/AppData/Roaming/TinyTeX/te
xmf-dist/fonts/type1/public/amsfonts/cm/cmmi8.pfb><c:/Users/Chris/AppData/Roami
ng/TinyTeX/texmf-dist/fonts/type1/public/amsfonts/cm/cmmi9.pfb><c:/Users/Chris/
AppData/Roaming/TinyTeX/texmf-dist/fonts/type1/public/amsfonts/cm/cmmib10.pfb><
c:/Users/Chris/AppData/Roaming/TinyTeX/texmf-dist/fonts/type1/public/amsfonts/c
m/cmr10.pfb><c:/Users/Chris/AppData/Roaming/TinyTeX/texmf-dist/fonts/type1/publ
ic/amsfonts/cm/cmr5.pfb><c:/Users/Chris/AppData/Roaming/TinyTeX/texmf-dist/font
s/type1/public/amsfonts/cm/cmr6.pfb><c:/Users/Chris/AppData/Roaming/TinyTeX/tex
mf-dist/fonts/type1/public/amsfonts/cm/cmr7.pfb><c:/Users/Chris/AppData/Roaming
/TinyTeX/texmf-dist/fonts/type1/public/amsfonts/cm/cmr8.pfb><c:/Users/Chris/App
Data/Roaming/TinyTeX/texmf-dist/fonts/type1/public/amsfonts/cm/cmr9.pfb><c:/Use
rs/Chris/AppData/Roaming/TinyTeX/texmf-dist/fonts/type1/public/amsfonts/cm/cmsy
10.pfb><c:/Users/Chris/AppData/Roaming/TinyTeX/texmf-dist/fonts/type1/public/am
sfonts/cm/cmsy6.pfb><c:/Users/Chris/AppData/Roaming/TinyTeX/texmf-dist/fonts/ty
pe1/public/amsfonts/cm/cmsy7.pfb><c:/Users/Chris/AppData/Roaming/TinyTeX/texmf-
dist/fonts/type1/public/amsfonts/cm/cmsy9.pfb><c:/Users/Chris/AppData/Roaming/T
inyTeX/texmf-dist/fonts/type1/public/amsfonts/cm/cmti10.pfb><c:/Users/Chris/App
Data/Roaming/TinyTeX/texmf-dist/fonts/type1/public/amsfonts/cm/cmti9.pfb>
Output written on Thesis.pdf (27 pages, 11006426 bytes).
PDF statistics:
 1377 PDF objects out of 1440 (max. 8388607)
 1107 compressed objects within 12 object streams
 307 named destinations out of 1000 (max. 500000)
 1020 words of extra memory for PDF output out of 10000 (max. 10000000)

